{"message":"the name `PanicLogTopicBloom` is defined multiple times","code":{"code":"E0428","explanation":"A type or module has been defined more than once.\n\nErroneous code example:\n\n```compile_fail,E0428\nstruct Bar;\nstruct Bar; // error: duplicate definition of value `Bar`\n```\n\nPlease verify you didn't misspell the type/module's name or remove/rename the\nduplicated one. Example:\n\n```\nstruct Bar;\nstruct Bar2; // ok!\n```\n"},"level":"error","spans":[{"file_name":"src/lib.rs","byte_start":3535,"byte_end":3564,"line_start":153,"line_end":153,"column_start":1,"column_end":30,"is_primary":true,"text":[{"text":"pub struct PanicLogTopicBloom {","highlight_start":1,"highlight_end":30}],"label":"`PanicLogTopicBloom` redefined here","suggested_replacement":null,"suggestion_applicability":null,"expansion":null},{"file_name":"src/lib.rs","byte_start":3388,"byte_end":3417,"line_start":146,"line_end":146,"column_start":1,"column_end":30,"is_primary":false,"text":[{"text":"pub struct PanicLogTopicBloom {","highlight_start":1,"highlight_end":30}],"label":"previous definition of the type `PanicLogTopicBloom` here","suggested_replacement":null,"suggestion_applicability":null,"expansion":null}],"children":[{"message":"`PanicLogTopicBloom` must be defined only once in the type namespace of this module","code":null,"level":"note","spans":[],"children":[],"rendered":null}],"rendered":"\u001b[0m\u001b[1m\u001b[38;5;9merror[E0428]\u001b[0m\u001b[0m\u001b[1m: the name `PanicLogTopicBloom` is defined multiple times\u001b[0m\n\u001b[0m   \u001b[0m\u001b[0m\u001b[1m\u001b[38;5;12m--> \u001b[0m\u001b[0msrc/lib.rs:153:1\u001b[0m\n\u001b[0m    \u001b[0m\u001b[0m\u001b[1m\u001b[38;5;12m|\u001b[0m\n\u001b[0m\u001b[1m\u001b[38;5;12m146\u001b[0m\u001b[0m \u001b[0m\u001b[0m\u001b[1m\u001b[38;5;12m| \u001b[0m\u001b[0mpub struct PanicLogTopicBloom {\u001b[0m\n\u001b[0m    \u001b[0m\u001b[0m\u001b[1m\u001b[38;5;12m| \u001b[0m\u001b[0m\u001b[1m\u001b[38;5;12m-----------------------------\u001b[0m\u001b[0m \u001b[0m\u001b[0m\u001b[1m\u001b[38;5;12mprevious definition of the type `PanicLogTopicBloom` here\u001b[0m\n\u001b[0m\u001b[1m\u001b[38;5;12m...\u001b[0m\n\u001b[0m\u001b[1m\u001b[38;5;12m153\u001b[0m\u001b[0m \u001b[0m\u001b[0m\u001b[1m\u001b[38;5;12m| \u001b[0m\u001b[0mpub struct PanicLogTopicBloom {\u001b[0m\n\u001b[0m    \u001b[0m\u001b[0m\u001b[1m\u001b[38;5;12m| \u001b[0m\u001b[0m\u001b[1m\u001b[38;5;9m^^^^^^^^^^^^^^^^^^^^^^^^^^^^^\u001b[0m\u001b[0m \u001b[0m\u001b[0m\u001b[1m\u001b[38;5;9m`PanicLogTopicBloom` redefined here\u001b[0m\n\u001b[0m    \u001b[0m\u001b[0m\u001b[1m\u001b[38;5;12m|\u001b[0m\n\u001b[0m    \u001b[0m\u001b[0m\u001b[1m\u001b[38;5;12m= \u001b[0m\u001b[0m\u001b[1mnote\u001b[0m\u001b[0m: `PanicLogTopicBloom` must be defined only once in the type namespace of this module\u001b[0m\n\n"}
{"message":"the name `PanicLogTopicBloom` is defined multiple times","code":{"code":"E0428","explanation":"A type or module has been defined more than once.\n\nErroneous code example:\n\n```compile_fail,E0428\nstruct Bar;\nstruct Bar; // error: duplicate definition of value `Bar`\n```\n\nPlease verify you didn't misspell the type/module's name or remove/rename the\nduplicated one. Example:\n\n```\nstruct Bar;\nstruct Bar2; // ok!\n```\n"},"level":"error","spans":[{"file_name":"src/lib.rs","byte_start":3682,"byte_end":3711,"line_start":160,"line_end":160,"column_start":1,"column_end":30,"is_primary":true,"text":[{"text":"pub struct PanicLogTopicBloom {","highlight_start":1,"highlight_end":30}],"label":"`PanicLogTopicBloom` redefined here","suggested_replacement":null,"suggestion_applicability":null,"expansion":null},{"file_name":"src/lib.rs","byte_start":3388,"byte_end":3417,"line_start":146,"line_end":146,"column_start":1,"column_end":30,"is_primary":false,"text":[{"text":"pub struct PanicLogTopicBloom {","highlight_start":1,"highlight_end":30}],"label":"previous definition of the type `PanicLogTopicBloom` here","suggested_replacement":null,"suggestion_applicability":null,"expansion":null}],"children":[{"message":"`PanicLogTopicBloom` must be defined only once in the type namespace of this module","code":null,"level":"note","spans":[],"children":[],"rendered":null}],"rendered":"\u001b[0m\u001b[1m\u001b[38;5;9merror[E0428]\u001b[0m\u001b[0m\u001b[1m: the name `PanicLogTopicBloom` is defined multiple times\u001b[0m\n\u001b[0m   \u001b[0m\u001b[0m\u001b[1m\u001b[38;5;12m--> \u001b[0m\u001b[0msrc/lib.rs:160:1\u001b[0m\n\u001b[0m    \u001b[0m\u001b[0m\u001b[1m\u001b[38;5;12m|\u001b[0m\n\u001b[0m\u001b[1m\u001b[38;5;12m146\u001b[0m\u001b[0m \u001b[0m\u001b[0m\u001b[1m\u001b[38;5;12m| \u001b[0m\u001b[0mpub struct PanicLogTopicBloom {\u001b[0m\n\u001b[0m    \u001b[0m\u001b[0m\u001b[1m\u001b[38;5;12m| \u001b[0m\u001b[0m\u001b[1m\u001b[38;5;12m-----------------------------\u001b[0m\u001b[0m \u001b[0m\u001b[0m\u001b[1m\u001b[38;5;12mprevious definition of the type `PanicLogTopicBloom` here\u001b[0m\n\u001b[0m\u001b[1m\u001b[38;5;12m...\u001b[0m\n\u001b[0m\u001b[1m\u001b[38;5;12m160\u001b[0m\u001b[0m \u001b[0m\u001b[0m\u001b[1m\u001b[38;5;12m| \u001b[0m\u001b[0mpub struct PanicLogTopicBloom {\u001b[0m\n\u001b[0m    \u001b[0m\u001b[0m\u001b[1m\u001b[38;5;12m| \u001b[0m\u001b[0m\u001b[1m\u001b[38;5;9m^^^^^^^^^^^^^^^^^^^^^^^^^^^^^\u001b[0m\u001b[0m \u001b[0m\u001b[0m\u001b[1m\u001b[38;5;9m`PanicLogTopicBloom` redefined here\u001b[0m\n\u001b[0m    \u001b[0m\u001b[0m\u001b[1m\u001b[38;5;12m|\u001b[0m\n\u001b[0m    \u001b[0m\u001b[0m\u001b[1m\u001b[38;5;12m= \u001b[0m\u001b[0m\u001b[1mnote\u001b[0m\u001b[0m: `PanicLogTopicBloom` must be defined only once in the type namespace of this module\u001b[0m\n\n"}
{"message":"the name `PanicLogTopicBloom` is defined multiple times","code":{"code":"E0428","explanation":"A type or module has been defined more than once.\n\nErroneous code example:\n\n```compile_fail,E0428\nstruct Bar;\nstruct Bar; // error: duplicate definition of value `Bar`\n```\n\nPlease verify you didn't misspell the type/module's name or remove/rename the\nduplicated one. Example:\n\n```\nstruct Bar;\nstruct Bar2; // ok!\n```\n"},"level":"error","spans":[{"file_name":"src/lib.rs","byte_start":3829,"byte_end":3858,"line_start":167,"line_end":167,"column_start":1,"column_end":30,"is_primary":true,"text":[{"text":"pub struct PanicLogTopicBloom {","highlight_start":1,"highlight_end":30}],"label":"`PanicLogTopicBloom` redefined here","suggested_replacement":null,"suggestion_applicability":null,"expansion":null},{"file_name":"src/lib.rs","byte_start":3388,"byte_end":3417,"line_start":146,"line_end":146,"column_start":1,"column_end":30,"is_primary":false,"text":[{"text":"pub struct PanicLogTopicBloom {","highlight_start":1,"highlight_end":30}],"label":"previous definition of the type `PanicLogTopicBloom` here","suggested_replacement":null,"suggestion_applicability":null,"expansion":null}],"children":[{"message":"`PanicLogTopicBloom` must be defined only once in the type namespace of this module","code":null,"level":"note","spans":[],"children":[],"rendered":null}],"rendered":"\u001b[0m\u001b[1m\u001b[38;5;9merror[E0428]\u001b[0m\u001b[0m\u001b[1m: the name `PanicLogTopicBloom` is defined multiple times\u001b[0m\n\u001b[0m   \u001b[0m\u001b[0m\u001b[1m\u001b[38;5;12m--> \u001b[0m\u001b[0msrc/lib.rs:167:1\u001b[0m\n\u001b[0m    \u001b[0m\u001b[0m\u001b[1m\u001b[38;5;12m|\u001b[0m\n\u001b[0m\u001b[1m\u001b[38;5;12m146\u001b[0m\u001b[0m \u001b[0m\u001b[0m\u001b[1m\u001b[38;5;12m| \u001b[0m\u001b[0mpub struct PanicLogTopicBloom {\u001b[0m\n\u001b[0m    \u001b[0m\u001b[0m\u001b[1m\u001b[38;5;12m| \u001b[0m\u001b[0m\u001b[1m\u001b[38;5;12m-----------------------------\u001b[0m\u001b[0m \u001b[0m\u001b[0m\u001b[1m\u001b[38;5;12mprevious definition of the type `PanicLogTopicBloom` here\u001b[0m\n\u001b[0m\u001b[1m\u001b[38;5;12m...\u001b[0m\n\u001b[0m\u001b[1m\u001b[38;5;12m167\u001b[0m\u001b[0m \u001b[0m\u001b[0m\u001b[1m\u001b[38;5;12m| \u001b[0m\u001b[0mpub struct PanicLogTopicBloom {\u001b[0m\n\u001b[0m    \u001b[0m\u001b[0m\u001b[1m\u001b[38;5;12m| \u001b[0m\u001b[0m\u001b[1m\u001b[38;5;9m^^^^^^^^^^^^^^^^^^^^^^^^^^^^^\u001b[0m\u001b[0m \u001b[0m\u001b[0m\u001b[1m\u001b[38;5;9m`PanicLogTopicBloom` redefined here\u001b[0m\n\u001b[0m    \u001b[0m\u001b[0m\u001b[1m\u001b[38;5;12m|\u001b[0m\n\u001b[0m    \u001b[0m\u001b[0m\u001b[1m\u001b[38;5;12m= \u001b[0m\u001b[0m\u001b[1mnote\u001b[0m\u001b[0m: `PanicLogTopicBloom` must be defined only once in the type namespace of this module\u001b[0m\n\n"}
{"message":"the name `PanicLogTopicBloom` is defined multiple times","code":{"code":"E0428","explanation":"A type or module has been defined more than once.\n\nErroneous code example:\n\n```compile_fail,E0428\nstruct Bar;\nstruct Bar; // error: duplicate definition of value `Bar`\n```\n\nPlease verify you didn't misspell the type/module's name or remove/rename the\nduplicated one. Example:\n\n```\nstruct Bar;\nstruct Bar2; // ok!\n```\n"},"level":"error","spans":[{"file_name":"src/lib.rs","byte_start":3976,"byte_end":4005,"line_start":174,"line_end":174,"column_start":1,"column_end":30,"is_primary":true,"text":[{"text":"pub struct PanicLogTopicBloom {","highlight_start":1,"highlight_end":30}],"label":"`PanicLogTopicBloom` redefined here","suggested_replacement":null,"suggestion_applicability":null,"expansion":null},{"file_name":"src/lib.rs","byte_start":3388,"byte_end":3417,"line_start":146,"line_end":146,"column_start":1,"column_end":30,"is_primary":false,"text":[{"text":"pub struct PanicLogTopicBloom {","highlight_start":1,"highlight_end":30}],"label":"previous definition of the type `PanicLogTopicBloom` here","suggested_replacement":null,"suggestion_applicability":null,"expansion":null}],"children":[{"message":"`PanicLogTopicBloom` must be defined only once in the type namespace of this module","code":null,"level":"note","spans":[],"children":[],"rendered":null}],"rendered":"\u001b[0m\u001b[1m\u001b[38;5;9merror[E0428]\u001b[0m\u001b[0m\u001b[1m: the name `PanicLogTopicBloom` is defined multiple times\u001b[0m\n\u001b[0m   \u001b[0m\u001b[0m\u001b[1m\u001b[38;5;12m--> \u001b[0m\u001b[0msrc/lib.rs:174:1\u001b[0m\n\u001b[0m    \u001b[0m\u001b[0m\u001b[1m\u001b[38;5;12m|\u001b[0m\n\u001b[0m\u001b[1m\u001b[38;5;12m146\u001b[0m\u001b[0m \u001b[0m\u001b[0m\u001b[1m\u001b[38;5;12m| \u001b[0m\u001b[0mpub struct PanicLogTopicBloom {\u001b[0m\n\u001b[0m    \u001b[0m\u001b[0m\u001b[1m\u001b[38;5;12m| \u001b[0m\u001b[0m\u001b[1m\u001b[38;5;12m-----------------------------\u001b[0m\u001b[0m \u001b[0m\u001b[0m\u001b[1m\u001b[38;5;12mprevious definition of the type `PanicLogTopicBloom` here\u001b[0m\n\u001b[0m\u001b[1m\u001b[38;5;12m...\u001b[0m\n\u001b[0m\u001b[1m\u001b[38;5;12m174\u001b[0m\u001b[0m \u001b[0m\u001b[0m\u001b[1m\u001b[38;5;12m| \u001b[0m\u001b[0mpub struct PanicLogTopicBloom {\u001b[0m\n\u001b[0m    \u001b[0m\u001b[0m\u001b[1m\u001b[38;5;12m| \u001b[0m\u001b[0m\u001b[1m\u001b[38;5;9m^^^^^^^^^^^^^^^^^^^^^^^^^^^^^\u001b[0m\u001b[0m \u001b[0m\u001b[0m\u001b[1m\u001b[38;5;9m`PanicLogTopicBloom` redefined here\u001b[0m\n\u001b[0m    \u001b[0m\u001b[0m\u001b[1m\u001b[38;5;12m|\u001b[0m\n\u001b[0m    \u001b[0m\u001b[0m\u001b[1m\u001b[38;5;12m= \u001b[0m\u001b[0m\u001b[1mnote\u001b[0m\u001b[0m: `PanicLogTopicBloom` must be defined only once in the type namespace of this module\u001b[0m\n\n"}
{"message":"the name `PanicBlockHeader` is defined multiple times","code":{"code":"E0428","explanation":"A type or module has been defined more than once.\n\nErroneous code example:\n\n```compile_fail,E0428\nstruct Bar;\nstruct Bar; // error: duplicate definition of value `Bar`\n```\n\nPlease verify you didn't misspell the type/module's name or remove/rename the\nduplicated one. Example:\n\n```\nstruct Bar;\nstruct Bar2; // ok!\n```\n"},"level":"error","spans":[{"file_name":"src/lib.rs","byte_start":6647,"byte_end":6674,"line_start":277,"line_end":277,"column_start":1,"column_end":28,"is_primary":true,"text":[{"text":"pub struct PanicBlockHeader {","highlight_start":1,"highlight_end":28}],"label":"`PanicBlockHeader` redefined here","suggested_replacement":null,"suggestion_applicability":null,"expansion":null},{"file_name":"src/lib.rs","byte_start":1254,"byte_end":1281,"line_start":39,"line_end":39,"column_start":1,"column_end":28,"is_primary":false,"text":[{"text":"pub struct PanicBlockHeader {","highlight_start":1,"highlight_end":28}],"label":"previous definition of the type `PanicBlockHeader` here","suggested_replacement":null,"suggestion_applicability":null,"expansion":null}],"children":[{"message":"`PanicBlockHeader` must be defined only once in the type namespace of this module","code":null,"level":"note","spans":[],"children":[],"rendered":null}],"rendered":"\u001b[0m\u001b[1m\u001b[38;5;9merror[E0428]\u001b[0m\u001b[0m\u001b[1m: the name `PanicBlockHeader` is defined multiple times\u001b[0m\n\u001b[0m   \u001b[0m\u001b[0m\u001b[1m\u001b[38;5;12m--> \u001b[0m\u001b[0msrc/lib.rs:277:1\u001b[0m\n\u001b[0m    \u001b[0m\u001b[0m\u001b[1m\u001b[38;5;12m|\u001b[0m\n\u001b[0m\u001b[1m\u001b[38;5;12m39\u001b[0m\u001b[0m  \u001b[0m\u001b[0m\u001b[1m\u001b[38;5;12m| \u001b[0m\u001b[0mpub struct PanicBlockHeader {\u001b[0m\n\u001b[0m    \u001b[0m\u001b[0m\u001b[1m\u001b[38;5;12m| \u001b[0m\u001b[0m\u001b[1m\u001b[38;5;12m---------------------------\u001b[0m\u001b[0m \u001b[0m\u001b[0m\u001b[1m\u001b[38;5;12mprevious definition of the type `PanicBlockHeader` here\u001b[0m\n\u001b[0m\u001b[1m\u001b[38;5;12m...\u001b[0m\n\u001b[0m\u001b[1m\u001b[38;5;12m277\u001b[0m\u001b[0m \u001b[0m\u001b[0m\u001b[1m\u001b[38;5;12m| \u001b[0m\u001b[0mpub struct PanicBlockHeader {\u001b[0m\n\u001b[0m    \u001b[0m\u001b[0m\u001b[1m\u001b[38;5;12m| \u001b[0m\u001b[0m\u001b[1m\u001b[38;5;9m^^^^^^^^^^^^^^^^^^^^^^^^^^^\u001b[0m\u001b[0m \u001b[0m\u001b[0m\u001b[1m\u001b[38;5;9m`PanicBlockHeader` redefined here\u001b[0m\n\u001b[0m    \u001b[0m\u001b[0m\u001b[1m\u001b[38;5;12m|\u001b[0m\n\u001b[0m    \u001b[0m\u001b[0m\u001b[1m\u001b[38;5;12m= \u001b[0m\u001b[0m\u001b[1mnote\u001b[0m\u001b[0m: `PanicBlockHeader` must be defined only once in the type namespace of this module\u001b[0m\n\n"}
{"message":"identifier `receiver` is bound more than once in this parameter list","code":{"code":"E0415","explanation":"More than one function parameter have the same name.\n\nErroneous code example:\n\n```compile_fail,E0415\nfn foo(f: i32, f: i32) {} // error: identifier `f` is bound more than\n                          //        once in this parameter list\n```\n\nPlease verify you didn't misspell parameters' name. Example:\n\n```\nfn foo(f: i32, g: i32) {} // ok!\n```\n"},"level":"error","spans":[{"file_name":"src/lib.rs","byte_start":5914,"byte_end":5922,"line_start":250,"line_end":250,"column_start":114,"column_end":122,"is_primary":true,"text":[{"text":"    pub fn from_raw_data_with_timestamp_and_receiver(sender: Type, receiver: String, value: u64, timestamp: u64, receiver: String) -> Self {","highlight_start":114,"highlight_end":122}],"label":"used as parameter more than once","suggested_replacement":null,"suggestion_applicability":null,"expansion":null}],"children":[],"rendered":"\u001b[0m\u001b[1m\u001b[38;5;9merror[E0415]\u001b[0m\u001b[0m\u001b[1m: identifier `receiver` is bound more than once in this parameter list\u001b[0m\n\u001b[0m   \u001b[0m\u001b[0m\u001b[1m\u001b[38;5;12m--> \u001b[0m\u001b[0msrc/lib.rs:250:114\u001b[0m\n\u001b[0m    \u001b[0m\u001b[0m\u001b[1m\u001b[38;5;12m|\u001b[0m\n\u001b[0m\u001b[1m\u001b[38;5;12m250\u001b[0m\u001b[0m \u001b[0m\u001b[0m\u001b[1m\u001b[38;5;12m| \u001b[0m\u001b[0m    pub fn from_raw_data_with_timestamp_and_receiver(sender: Type, receiver: String, value: u64, timestamp: u64, receiver: String) -> Self {\u001b[0m\n\u001b[0m    \u001b[0m\u001b[0m\u001b[1m\u001b[38;5;12m| \u001b[0m\u001b[0m                                                                                                                 \u001b[0m\u001b[0m\u001b[1m\u001b[38;5;9m^^^^^^^^\u001b[0m\u001b[0m \u001b[0m\u001b[0m\u001b[1m\u001b[38;5;9mused as parameter more than once\u001b[0m\n\n"}
{"message":"identifier `receiver` is bound more than once in this parameter list","code":{"code":"E0415","explanation":"More than one function parameter have the same name.\n\nErroneous code example:\n\n```compile_fail,E0415\nfn foo(f: i32, f: i32) {} // error: identifier `f` is bound more than\n                          //        once in this parameter list\n```\n\nPlease verify you didn't misspell parameters' name. Example:\n\n```\nfn foo(f: i32, g: i32) {} // ok!\n```\n"},"level":"error","spans":[{"file_name":"src/lib.rs","byte_start":6413,"byte_end":6421,"line_start":264,"line_end":264,"column_start":124,"column_end":132,"is_primary":true,"text":[{"text":"    pub fn from_raw_data_with_timestamp_and_receiver_and_value(sender: Type, receiver: String, value: u64, timestamp: u64, receiver: String, value: u64) -> Self {","highlight_start":124,"highlight_end":132}],"label":"used as parameter more than once","suggested_replacement":null,"suggestion_applicability":null,"expansion":null}],"children":[],"rendered":"\u001b[0m\u001b[1m\u001b[38;5;9merror[E0415]\u001b[0m\u001b[0m\u001b[1m: identifier `receiver` is bound more than once in this parameter list\u001b[0m\n\u001b[0m   \u001b[0m\u001b[0m\u001b[1m\u001b[38;5;12m--> \u001b[0m\u001b[0msrc/lib.rs:264:124\u001b[0m\n\u001b[0m    \u001b[0m\u001b[0m\u001b[1m\u001b[38;5;12m|\u001b[0m\n\u001b[0m\u001b[1m\u001b[38;5;12m264\u001b[0m\u001b[0m \u001b[0m\u001b[0m\u001b[1m\u001b[38;5;12m| ...\u001b[0m\u001b[0mreceiver: String, value: u64, timestamp: u64, receiver: String, value: u64) -> Self {\u001b[0m\n\u001b[0m    \u001b[0m\u001b[0m\u001b[1m\u001b[38;5;12m| \u001b[0m\u001b[0m                                                 \u001b[0m\u001b[0m\u001b[1m\u001b[38;5;9m^^^^^^^^\u001b[0m\u001b[0m \u001b[0m\u001b[0m\u001b[1m\u001b[38;5;9mused as parameter more than once\u001b[0m\n\n"}
{"message":"identifier `value` is bound more than once in this parameter list","code":{"code":"E0415","explanation":"More than one function parameter have the same name.\n\nErroneous code example:\n\n```compile_fail,E0415\nfn foo(f: i32, f: i32) {} // error: identifier `f` is bound more than\n                          //        once in this parameter list\n```\n\nPlease verify you didn't misspell parameters' name. Example:\n\n```\nfn foo(f: i32, g: i32) {} // ok!\n```\n"},"level":"error","spans":[{"file_name":"src/lib.rs","byte_start":6431,"byte_end":6436,"line_start":264,"line_end":264,"column_start":142,"column_end":147,"is_primary":true,"text":[{"text":"    pub fn from_raw_data_with_timestamp_and_receiver_and_value(sender: Type, receiver: String, value: u64, timestamp: u64, receiver: String, value: u64) -> Self {","highlight_start":142,"highlight_end":147}],"label":"used as parameter more than once","suggested_replacement":null,"suggestion_applicability":null,"expansion":null}],"children":[],"rendered":"\u001b[0m\u001b[1m\u001b[38;5;9merror[E0415]\u001b[0m\u001b[0m\u001b[1m: identifier `value` is bound more than once in this parameter list\u001b[0m\n\u001b[0m   \u001b[0m\u001b[0m\u001b[1m\u001b[38;5;12m--> \u001b[0m\u001b[0msrc/lib.rs:264:142\u001b[0m\n\u001b[0m    \u001b[0m\u001b[0m\u001b[1m\u001b[38;5;12m|\u001b[0m\n\u001b[0m\u001b[1m\u001b[38;5;12m264\u001b[0m\u001b[0m \u001b[0m\u001b[0m\u001b[1m\u001b[38;5;12m| ...\u001b[0m\u001b[0m, value: u64, timestamp: u64, receiver: String, value: u64) -> Self {\u001b[0m\n\u001b[0m    \u001b[0m\u001b[0m\u001b[1m\u001b[38;5;12m| \u001b[0m\u001b[0m                                                   \u001b[0m\u001b[0m\u001b[1m\u001b[38;5;9m^^^^^\u001b[0m\u001b[0m \u001b[0m\u001b[0m\u001b[1m\u001b[38;5;9mused as parameter more than once\u001b[0m\n\n"}
{"message":"cannot find type `String` in this scope","code":{"code":"E0412","explanation":"A used type name is not in scope.\n\nErroneous code examples:\n\n```compile_fail,E0412\nimpl Something {} // error: type name `Something` is not in scope\n\n// or:\n\ntrait Foo {\n    fn bar(N); // error: type name `N` is not in scope\n}\n\n// or:\n\nfn foo(x: T) {} // type name `T` is not in scope\n```\n\nTo fix this error, please verify you didn't misspell the type name, you did\ndeclare it or imported it into the scope. Examples:\n\n```\nstruct Something;\n\nimpl Something {} // ok!\n\n// or:\n\ntrait Foo {\n    type N;\n\n    fn bar(_: Self::N); // ok!\n}\n\n// or:\n\nfn foo<T>(x: T) {} // ok!\n```\n\nAnother case that causes this error is when a type is imported into a parent\nmodule. To fix this, you can follow the suggestion and use File directly or\n`use super::File;` which will import the types from the parent namespace. An\nexample that causes this error is below:\n\n```compile_fail,E0412\nuse std::fs::File;\n\nmod foo {\n    fn some_function(f: File) {}\n}\n```\n\n```\nuse std::fs::File;\n\nmod foo {\n    // either\n    use super::File;\n    // or\n    // use std::fs::File;\n    fn foo(f: File) {}\n}\n# fn main() {} // don't insert it for us; that'll break imports\n```\n"},"level":"error","spans":[{"file_name":"src/lib.rs","byte_start":4129,"byte_end":4135,"line_start":182,"line_end":182,"column_start":40,"column_end":46,"is_primary":true,"text":[{"text":"    pub fn new(sender: Type, receiver: String, value: u64, timestamp: u64) -> Self {","highlight_start":40,"highlight_end":46}],"label":"not found in this scope","suggested_replacement":null,"suggestion_applicability":null,"expansion":null}],"children":[],"rendered":"\u001b[0m\u001b[1m\u001b[38;5;9merror[E0412]\u001b[0m\u001b[0m\u001b[1m: cannot find type `String` in this scope\u001b[0m\n\u001b[0m   \u001b[0m\u001b[0m\u001b[1m\u001b[38;5;12m--> \u001b[0m\u001b[0msrc/lib.rs:182:40\u001b[0m\n\u001b[0m    \u001b[0m\u001b[0m\u001b[1m\u001b[38;5;12m|\u001b[0m\n\u001b[0m\u001b[1m\u001b[38;5;12m182\u001b[0m\u001b[0m \u001b[0m\u001b[0m\u001b[1m\u001b[38;5;12m| \u001b[0m\u001b[0m    pub fn new(sender: Type, receiver: String, value: u64, timestamp: u64) -> Self {\u001b[0m\n\u001b[0m    \u001b[0m\u001b[0m\u001b[1m\u001b[38;5;12m| \u001b[0m\u001b[0m                                       \u001b[0m\u001b[0m\u001b[1m\u001b[38;5;9m^^^^^^\u001b[0m\u001b[0m \u001b[0m\u001b[0m\u001b[1m\u001b[38;5;9mnot found in this scope\u001b[0m\n\n"}
{"message":"cannot find type `String` in this scope","code":{"code":"E0412","explanation":"A used type name is not in scope.\n\nErroneous code examples:\n\n```compile_fail,E0412\nimpl Something {} // error: type name `Something` is not in scope\n\n// or:\n\ntrait Foo {\n    fn bar(N); // error: type name `N` is not in scope\n}\n\n// or:\n\nfn foo(x: T) {} // type name `T` is not in scope\n```\n\nTo fix this error, please verify you didn't misspell the type name, you did\ndeclare it or imported it into the scope. Examples:\n\n```\nstruct Something;\n\nimpl Something {} // ok!\n\n// or:\n\ntrait Foo {\n    type N;\n\n    fn bar(_: Self::N); // ok!\n}\n\n// or:\n\nfn foo<T>(x: T) {} // ok!\n```\n\nAnother case that causes this error is when a type is imported into a parent\nmodule. To fix this, you can follow the suggestion and use File directly or\n`use super::File;` which will import the types from the parent namespace. An\nexample that causes this error is below:\n\n```compile_fail,E0412\nuse std::fs::File;\n\nmod foo {\n    fn some_function(f: File) {}\n}\n```\n\n```\nuse std::fs::File;\n\nmod foo {\n    // either\n    use super::File;\n    // or\n    // use std::fs::File;\n    fn foo(f: File) {}\n}\n# fn main() {} // don't insert it for us; that'll break imports\n```\n"},"level":"error","spans":[{"file_name":"src/lib.rs","byte_start":4398,"byte_end":4404,"line_start":195,"line_end":195,"column_start":32,"column_end":38,"is_primary":true,"text":[{"text":"    pub fn receiver(&self) -> &String {","highlight_start":32,"highlight_end":38}],"label":"not found in this scope","suggested_replacement":null,"suggestion_applicability":null,"expansion":null}],"children":[],"rendered":"\u001b[0m\u001b[1m\u001b[38;5;9merror[E0412]\u001b[0m\u001b[0m\u001b[1m: cannot find type `String` in this scope\u001b[0m\n\u001b[0m   \u001b[0m\u001b[0m\u001b[1m\u001b[38;5;12m--> \u001b[0m\u001b[0msrc/lib.rs:195:32\u001b[0m\n\u001b[0m    \u001b[0m\u001b[0m\u001b[1m\u001b[38;5;12m|\u001b[0m\n\u001b[0m\u001b[1m\u001b[38;5;12m195\u001b[0m\u001b[0m \u001b[0m\u001b[0m\u001b[1m\u001b[38;5;12m| \u001b[0m\u001b[0m    pub fn receiver(&self) -> &String {\u001b[0m\n\u001b[0m    \u001b[0m\u001b[0m\u001b[1m\u001b[38;5;12m| \u001b[0m\u001b[0m                               \u001b[0m\u001b[0m\u001b[1m\u001b[38;5;9m^^^^^^\u001b[0m\u001b[0m \u001b[0m\u001b[0m\u001b[1m\u001b[38;5;9mnot found in this scope\u001b[0m\n\n"}
{"message":"cannot find type `String` in this scope","code":{"code":"E0412","explanation":"A used type name is not in scope.\n\nErroneous code examples:\n\n```compile_fail,E0412\nimpl Something {} // error: type name `Something` is not in scope\n\n// or:\n\ntrait Foo {\n    fn bar(N); // error: type name `N` is not in scope\n}\n\n// or:\n\nfn foo(x: T) {} // type name `T` is not in scope\n```\n\nTo fix this error, please verify you didn't misspell the type name, you did\ndeclare it or imported it into the scope. Examples:\n\n```\nstruct Something;\n\nimpl Something {} // ok!\n\n// or:\n\ntrait Foo {\n    type N;\n\n    fn bar(_: Self::N); // ok!\n}\n\n// or:\n\nfn foo<T>(x: T) {} // ok!\n```\n\nAnother case that causes this error is when a type is imported into a parent\nmodule. To fix this, you can follow the suggestion and use File directly or\n`use super::File;` which will import the types from the parent namespace. An\nexample that causes this error is below:\n\n```compile_fail,E0412\nuse std::fs::File;\n\nmod foo {\n    fn some_function(f: File) {}\n}\n```\n\n```\nuse std::fs::File;\n\nmod foo {\n    // either\n    use super::File;\n    // or\n    // use std::fs::File;\n    fn foo(f: File) {}\n}\n# fn main() {} // don't insert it for us; that'll break imports\n```\n"},"level":"error","spans":[{"file_name":"src/lib.rs","byte_start":4599,"byte_end":4605,"line_start":207,"line_end":207,"column_start":37,"column_end":43,"is_primary":true,"text":[{"text":"    pub fn into_raw(self) -> (Type, String, u64, u64) {","highlight_start":37,"highlight_end":43}],"label":"not found in this scope","suggested_replacement":null,"suggestion_applicability":null,"expansion":null}],"children":[],"rendered":"\u001b[0m\u001b[1m\u001b[38;5;9merror[E0412]\u001b[0m\u001b[0m\u001b[1m: cannot find type `String` in this scope\u001b[0m\n\u001b[0m   \u001b[0m\u001b[0m\u001b[1m\u001b[38;5;12m--> \u001b[0m\u001b[0msrc/lib.rs:207:37\u001b[0m\n\u001b[0m    \u001b[0m\u001b[0m\u001b[1m\u001b[38;5;12m|\u001b[0m\n\u001b[0m\u001b[1m\u001b[38;5;12m207\u001b[0m\u001b[0m \u001b[0m\u001b[0m\u001b[1m\u001b[38;5;12m| \u001b[0m\u001b[0m    pub fn into_raw(self) -> (Type, String, u64, u64) {\u001b[0m\n\u001b[0m    \u001b[0m\u001b[0m\u001b[1m\u001b[38;5;12m| \u001b[0m\u001b[0m                                    \u001b[0m\u001b[0m\u001b[1m\u001b[38;5;9m^^^^^^\u001b[0m\u001b[0m \u001b[0m\u001b[0m\u001b[1m\u001b[38;5;9mnot found in this scope\u001b[0m\n\n"}
{"message":"cannot find type `String` in this scope","code":{"code":"E0412","explanation":"A used type name is not in scope.\n\nErroneous code examples:\n\n```compile_fail,E0412\nimpl Something {} // error: type name `Something` is not in scope\n\n// or:\n\ntrait Foo {\n    fn bar(N); // error: type name `N` is not in scope\n}\n\n// or:\n\nfn foo(x: T) {} // type name `T` is not in scope\n```\n\nTo fix this error, please verify you didn't misspell the type name, you did\ndeclare it or imported it into the scope. Examples:\n\n```\nstruct Something;\n\nimpl Something {} // ok!\n\n// or:\n\ntrait Foo {\n    type N;\n\n    fn bar(_: Self::N); // ok!\n}\n\n// or:\n\nfn foo<T>(x: T) {} // ok!\n```\n\nAnother case that causes this error is when a type is imported into a parent\nmodule. To fix this, you can follow the suggestion and use File directly or\n`use super::File;` which will import the types from the parent namespace. An\nexample that causes this error is below:\n\n```compile_fail,E0412\nuse std::fs::File;\n\nmod foo {\n    fn some_function(f: File) {}\n}\n```\n\n```\nuse std::fs::File;\n\nmod foo {\n    // either\n    use super::File;\n    // or\n    // use std::fs::File;\n    fn foo(f: File) {}\n}\n# fn main() {} // don't insert it for us; that'll break imports\n```\n"},"level":"error","spans":[{"file_name":"src/lib.rs","byte_start":4735,"byte_end":4741,"line_start":211,"line_end":211,"column_start":45,"column_end":51,"is_primary":true,"text":[{"text":"    pub fn from_raw(sender: Type, receiver: String, value: u64, timestamp: u64) -> Self {","highlight_start":45,"highlight_end":51}],"label":"not found in this scope","suggested_replacement":null,"suggestion_applicability":null,"expansion":null}],"children":[],"rendered":"\u001b[0m\u001b[1m\u001b[38;5;9merror[E0412]\u001b[0m\u001b[0m\u001b[1m: cannot find type `String` in this scope\u001b[0m\n\u001b[0m   \u001b[0m\u001b[0m\u001b[1m\u001b[38;5;12m--> \u001b[0m\u001b[0msrc/lib.rs:211:45\u001b[0m\n\u001b[0m    \u001b[0m\u001b[0m\u001b[1m\u001b[38;5;12m|\u001b[0m\n\u001b[0m\u001b[1m\u001b[38;5;12m211\u001b[0m\u001b[0m \u001b[0m\u001b[0m\u001b[1m\u001b[38;5;12m| \u001b[0m\u001b[0m    pub fn from_raw(sender: Type, receiver: String, value: u64, timestamp: u64) -> Self {\u001b[0m\n\u001b[0m    \u001b[0m\u001b[0m\u001b[1m\u001b[38;5;12m| \u001b[0m\u001b[0m                                            \u001b[0m\u001b[0m\u001b[1m\u001b[38;5;9m^^^^^^\u001b[0m\u001b[0m \u001b[0m\u001b[0m\u001b[1m\u001b[38;5;9mnot found in this scope\u001b[0m\n\n"}
{"message":"cannot find type `String` in this scope","code":{"code":"E0412","explanation":"A used type name is not in scope.\n\nErroneous code examples:\n\n```compile_fail,E0412\nimpl Something {} // error: type name `Something` is not in scope\n\n// or:\n\ntrait Foo {\n    fn bar(N); // error: type name `N` is not in scope\n}\n\n// or:\n\nfn foo(x: T) {} // type name `T` is not in scope\n```\n\nTo fix this error, please verify you didn't misspell the type name, you did\ndeclare it or imported it into the scope. Examples:\n\n```\nstruct Something;\n\nimpl Something {} // ok!\n\n// or:\n\ntrait Foo {\n    type N;\n\n    fn bar(_: Self::N); // ok!\n}\n\n// or:\n\nfn foo<T>(x: T) {} // ok!\n```\n\nAnother case that causes this error is when a type is imported into a parent\nmodule. To fix this, you can follow the suggestion and use File directly or\n`use super::File;` which will import the types from the parent namespace. An\nexample that causes this error is below:\n\n```compile_fail,E0412\nuse std::fs::File;\n\nmod foo {\n    fn some_function(f: File) {}\n}\n```\n\n```\nuse std::fs::File;\n\nmod foo {\n    // either\n    use super::File;\n    // or\n    // use std::fs::File;\n    fn foo(f: File) {}\n}\n# fn main() {} // don't insert it for us; that'll break imports\n```\n"},"level":"error","spans":[{"file_name":"src/lib.rs","byte_start":4950,"byte_end":4956,"line_start":220,"line_end":220,"column_start":42,"column_end":48,"is_primary":true,"text":[{"text":"    pub fn into_raw_data(self) -> (Type, String, u64) {","highlight_start":42,"highlight_end":48}],"label":"not found in this scope","suggested_replacement":null,"suggestion_applicability":null,"expansion":null}],"children":[],"rendered":"\u001b[0m\u001b[1m\u001b[38;5;9merror[E0412]\u001b[0m\u001b[0m\u001b[1m: cannot find type `String` in this scope\u001b[0m\n\u001b[0m   \u001b[0m\u001b[0m\u001b[1m\u001b[38;5;12m--> \u001b[0m\u001b[0msrc/lib.rs:220:42\u001b[0m\n\u001b[0m    \u001b[0m\u001b[0m\u001b[1m\u001b[38;5;12m|\u001b[0m\n\u001b[0m\u001b[1m\u001b[38;5;12m220\u001b[0m\u001b[0m \u001b[0m\u001b[0m\u001b[1m\u001b[38;5;12m| \u001b[0m\u001b[0m    pub fn into_raw_data(self) -> (Type, String, u64) {\u001b[0m\n\u001b[0m    \u001b[0m\u001b[0m\u001b[1m\u001b[38;5;12m| \u001b[0m\u001b[0m                                         \u001b[0m\u001b[0m\u001b[1m\u001b[38;5;9m^^^^^^\u001b[0m\u001b[0m \u001b[0m\u001b[0m\u001b[1m\u001b[38;5;9mnot found in this scope\u001b[0m\n\n"}
{"message":"cannot find type `String` in this scope","code":{"code":"E0412","explanation":"A used type name is not in scope.\n\nErroneous code examples:\n\n```compile_fail,E0412\nimpl Something {} // error: type name `Something` is not in scope\n\n// or:\n\ntrait Foo {\n    fn bar(N); // error: type name `N` is not in scope\n}\n\n// or:\n\nfn foo(x: T) {} // type name `T` is not in scope\n```\n\nTo fix this error, please verify you didn't misspell the type name, you did\ndeclare it or imported it into the scope. Examples:\n\n```\nstruct Something;\n\nimpl Something {} // ok!\n\n// or:\n\ntrait Foo {\n    type N;\n\n    fn bar(_: Self::N); // ok!\n}\n\n// or:\n\nfn foo<T>(x: T) {} // ok!\n```\n\nAnother case that causes this error is when a type is imported into a parent\nmodule. To fix this, you can follow the suggestion and use File directly or\n`use super::File;` which will import the types from the parent namespace. An\nexample that causes this error is below:\n\n```compile_fail,E0412\nuse std::fs::File;\n\nmod foo {\n    fn some_function(f: File) {}\n}\n```\n\n```\nuse std::fs::File;\n\nmod foo {\n    // either\n    use super::File;\n    // or\n    // use std::fs::File;\n    fn foo(f: File) {}\n}\n# fn main() {} // don't insert it for us; that'll break imports\n```\n"},"level":"error","spans":[{"file_name":"src/lib.rs","byte_start":5070,"byte_end":5076,"line_start":224,"line_end":224,"column_start":50,"column_end":56,"is_primary":true,"text":[{"text":"    pub fn from_raw_data(sender: Type, receiver: String, value: u64) -> Self {","highlight_start":50,"highlight_end":56}],"label":"not found in this scope","suggested_replacement":null,"suggestion_applicability":null,"expansion":null}],"children":[],"rendered":"\u001b[0m\u001b[1m\u001b[38;5;9merror[E0412]\u001b[0m\u001b[0m\u001b[1m: cannot find type `String` in this scope\u001b[0m\n\u001b[0m   \u001b[0m\u001b[0m\u001b[1m\u001b[38;5;12m--> \u001b[0m\u001b[0msrc/lib.rs:224:50\u001b[0m\n\u001b[0m    \u001b[0m\u001b[0m\u001b[1m\u001b[38;5;12m|\u001b[0m\n\u001b[0m\u001b[1m\u001b[38;5;12m224\u001b[0m\u001b[0m \u001b[0m\u001b[0m\u001b[1m\u001b[38;5;12m| \u001b[0m\u001b[0m    pub fn from_raw_data(sender: Type, receiver: String, value: u64) -> Self {\u001b[0m\n\u001b[0m    \u001b[0m\u001b[0m\u001b[1m\u001b[38;5;12m| \u001b[0m\u001b[0m                                                 \u001b[0m\u001b[0m\u001b[1m\u001b[38;5;9m^^^^^^\u001b[0m\u001b[0m \u001b[0m\u001b[0m\u001b[1m\u001b[38;5;9mnot found in this scope\u001b[0m\n\n"}
{"message":"cannot find type `String` in this scope","code":{"code":"E0412","explanation":"A used type name is not in scope.\n\nErroneous code examples:\n\n```compile_fail,E0412\nimpl Something {} // error: type name `Something` is not in scope\n\n// or:\n\ntrait Foo {\n    fn bar(N); // error: type name `N` is not in scope\n}\n\n// or:\n\nfn foo(x: T) {} // type name `T` is not in scope\n```\n\nTo fix this error, please verify you didn't misspell the type name, you did\ndeclare it or imported it into the scope. Examples:\n\n```\nstruct Something;\n\nimpl Something {} // ok!\n\n// or:\n\ntrait Foo {\n    type N;\n\n    fn bar(_: Self::N); // ok!\n}\n\n// or:\n\nfn foo<T>(x: T) {} // ok!\n```\n\nAnother case that causes this error is when a type is imported into a parent\nmodule. To fix this, you can follow the suggestion and use File directly or\n`use super::File;` which will import the types from the parent namespace. An\nexample that causes this error is below:\n\n```compile_fail,E0412\nuse std::fs::File;\n\nmod foo {\n    fn some_function(f: File) {}\n}\n```\n\n```\nuse std::fs::File;\n\nmod foo {\n    // either\n    use super::File;\n    // or\n    // use std::fs::File;\n    fn foo(f: File) {}\n}\n# fn main() {} // don't insert it for us; that'll break imports\n```\n"},"level":"error","spans":[{"file_name":"src/lib.rs","byte_start":5287,"byte_end":5293,"line_start":233,"line_end":233,"column_start":57,"column_end":63,"is_primary":true,"text":[{"text":"    pub fn into_raw_data_with_timestamp(self) -> (Type, String, u64, u64) {","highlight_start":57,"highlight_end":63}],"label":"not found in this scope","suggested_replacement":null,"suggestion_applicability":null,"expansion":null}],"children":[],"rendered":"\u001b[0m\u001b[1m\u001b[38;5;9merror[E0412]\u001b[0m\u001b[0m\u001b[1m: cannot find type `String` in this scope\u001b[0m\n\u001b[0m   \u001b[0m\u001b[0m\u001b[1m\u001b[38;5;12m--> \u001b[0m\u001b[0msrc/lib.rs:233:57\u001b[0m\n\u001b[0m    \u001b[0m\u001b[0m\u001b[1m\u001b[38;5;12m|\u001b[0m\n\u001b[0m\u001b[1m\u001b[38;5;12m233\u001b[0m\u001b[0m \u001b[0m\u001b[0m\u001b[1m\u001b[38;5;12m| \u001b[0m\u001b[0m    pub fn into_raw_data_with_timestamp(self) -> (Type, String, u64, u64) {\u001b[0m\n\u001b[0m    \u001b[0m\u001b[0m\u001b[1m\u001b[38;5;12m| \u001b[0m\u001b[0m                                                        \u001b[0m\u001b[0m\u001b[1m\u001b[38;5;9m^^^^^^\u001b[0m\u001b[0m \u001b[0m\u001b[0m\u001b[1m\u001b[38;5;9mnot found in this scope\u001b[0m\n\n"}
{"message":"cannot find type `String` in this scope","code":{"code":"E0412","explanation":"A used type name is not in scope.\n\nErroneous code examples:\n\n```compile_fail,E0412\nimpl Something {} // error: type name `Something` is not in scope\n\n// or:\n\ntrait Foo {\n    fn bar(N); // error: type name `N` is not in scope\n}\n\n// or:\n\nfn foo(x: T) {} // type name `T` is not in scope\n```\n\nTo fix this error, please verify you didn't misspell the type name, you did\ndeclare it or imported it into the scope. Examples:\n\n```\nstruct Something;\n\nimpl Something {} // ok!\n\n// or:\n\ntrait Foo {\n    type N;\n\n    fn bar(_: Self::N); // ok!\n}\n\n// or:\n\nfn foo<T>(x: T) {} // ok!\n```\n\nAnother case that causes this error is when a type is imported into a parent\nmodule. To fix this, you can follow the suggestion and use File directly or\n`use super::File;` which will import the types from the parent namespace. An\nexample that causes this error is below:\n\n```compile_fail,E0412\nuse std::fs::File;\n\nmod foo {\n    fn some_function(f: File) {}\n}\n```\n\n```\nuse std::fs::File;\n\nmod foo {\n    // either\n    use super::File;\n    // or\n    // use std::fs::File;\n    fn foo(f: File) {}\n}\n# fn main() {} // don't insert it for us; that'll break imports\n```\n"},"level":"error","spans":[{"file_name":"src/lib.rs","byte_start":5443,"byte_end":5449,"line_start":237,"line_end":237,"column_start":65,"column_end":71,"is_primary":true,"text":[{"text":"    pub fn from_raw_data_with_timestamp(sender: Type, receiver: String, value: u64, timestamp: u64) -> Self {","highlight_start":65,"highlight_end":71}],"label":"not found in this scope","suggested_replacement":null,"suggestion_applicability":null,"expansion":null}],"children":[],"rendered":"\u001b[0m\u001b[1m\u001b[38;5;9merror[E0412]\u001b[0m\u001b[0m\u001b[1m: cannot find type `String` in this scope\u001b[0m\n\u001b[0m   \u001b[0m\u001b[0m\u001b[1m\u001b[38;5;12m--> \u001b[0m\u001b[0msrc/lib.rs:237:65\u001b[0m\n\u001b[0m    \u001b[0m\u001b[0m\u001b[1m\u001b[38;5;12m|\u001b[0m\n\u001b[0m\u001b[1m\u001b[38;5;12m237\u001b[0m\u001b[0m \u001b[0m\u001b[0m\u001b[1m\u001b[38;5;12m| \u001b[0m\u001b[0m    pub fn from_raw_data_with_timestamp(sender: Type, receiver: String, value: u64, timestamp: u64) -> Self {\u001b[0m\n\u001b[0m    \u001b[0m\u001b[0m\u001b[1m\u001b[38;5;12m| \u001b[0m\u001b[0m                                                                \u001b[0m\u001b[0m\u001b[1m\u001b[38;5;9m^^^^^^\u001b[0m\u001b[0m \u001b[0m\u001b[0m\u001b[1m\u001b[38;5;9mnot found in this scope\u001b[0m\n\n"}
{"message":"cannot find type `String` in this scope","code":{"code":"E0412","explanation":"A used type name is not in scope.\n\nErroneous code examples:\n\n```compile_fail,E0412\nimpl Something {} // error: type name `Something` is not in scope\n\n// or:\n\ntrait Foo {\n    fn bar(N); // error: type name `N` is not in scope\n}\n\n// or:\n\nfn foo(x: T) {} // type name `T` is not in scope\n```\n\nTo fix this error, please verify you didn't misspell the type name, you did\ndeclare it or imported it into the scope. Examples:\n\n```\nstruct Something;\n\nimpl Something {} // ok!\n\n// or:\n\ntrait Foo {\n    type N;\n\n    fn bar(_: Self::N); // ok!\n}\n\n// or:\n\nfn foo<T>(x: T) {} // ok!\n```\n\nAnother case that causes this error is when a type is imported into a parent\nmodule. To fix this, you can follow the suggestion and use File directly or\n`use super::File;` which will import the types from the parent namespace. An\nexample that causes this error is below:\n\n```compile_fail,E0412\nuse std::fs::File;\n\nmod foo {\n    fn some_function(f: File) {}\n}\n```\n\n```\nuse std::fs::File;\n\nmod foo {\n    // either\n    use super::File;\n    // or\n    // use std::fs::File;\n    fn foo(f: File) {}\n}\n# fn main() {} // don't insert it for us; that'll break imports\n```\n"},"level":"error","spans":[{"file_name":"src/lib.rs","byte_start":5686,"byte_end":5692,"line_start":246,"line_end":246,"column_start":70,"column_end":76,"is_primary":true,"text":[{"text":"    pub fn into_raw_data_with_timestamp_and_receiver(self) -> (Type, String, u64, u64, String) {","highlight_start":70,"highlight_end":76}],"label":"not found in this scope","suggested_replacement":null,"suggestion_applicability":null,"expansion":null}],"children":[],"rendered":"\u001b[0m\u001b[1m\u001b[38;5;9merror[E0412]\u001b[0m\u001b[0m\u001b[1m: cannot find type `String` in this scope\u001b[0m\n\u001b[0m   \u001b[0m\u001b[0m\u001b[1m\u001b[38;5;12m--> \u001b[0m\u001b[0msrc/lib.rs:246:70\u001b[0m\n\u001b[0m    \u001b[0m\u001b[0m\u001b[1m\u001b[38;5;12m|\u001b[0m\n\u001b[0m\u001b[1m\u001b[38;5;12m246\u001b[0m\u001b[0m \u001b[0m\u001b[0m\u001b[1m\u001b[38;5;12m| \u001b[0m\u001b[0m    pub fn into_raw_data_with_timestamp_and_receiver(self) -> (Type, String, u64, u64, String) {\u001b[0m\n\u001b[0m    \u001b[0m\u001b[0m\u001b[1m\u001b[38;5;12m| \u001b[0m\u001b[0m                                                                     \u001b[0m\u001b[0m\u001b[1m\u001b[38;5;9m^^^^^^\u001b[0m\u001b[0m \u001b[0m\u001b[0m\u001b[1m\u001b[38;5;9mnot found in this scope\u001b[0m\n\n"}
{"message":"cannot find type `String` in this scope","code":{"code":"E0412","explanation":"A used type name is not in scope.\n\nErroneous code examples:\n\n```compile_fail,E0412\nimpl Something {} // error: type name `Something` is not in scope\n\n// or:\n\ntrait Foo {\n    fn bar(N); // error: type name `N` is not in scope\n}\n\n// or:\n\nfn foo(x: T) {} // type name `T` is not in scope\n```\n\nTo fix this error, please verify you didn't misspell the type name, you did\ndeclare it or imported it into the scope. Examples:\n\n```\nstruct Something;\n\nimpl Something {} // ok!\n\n// or:\n\ntrait Foo {\n    type N;\n\n    fn bar(_: Self::N); // ok!\n}\n\n// or:\n\nfn foo<T>(x: T) {} // ok!\n```\n\nAnother case that causes this error is when a type is imported into a parent\nmodule. To fix this, you can follow the suggestion and use File directly or\n`use super::File;` which will import the types from the parent namespace. An\nexample that causes this error is below:\n\n```compile_fail,E0412\nuse std::fs::File;\n\nmod foo {\n    fn some_function(f: File) {}\n}\n```\n\n```\nuse std::fs::File;\n\nmod foo {\n    // either\n    use super::File;\n    // or\n    // use std::fs::File;\n    fn foo(f: File) {}\n}\n# fn main() {} // don't insert it for us; that'll break imports\n```\n"},"level":"error","spans":[{"file_name":"src/lib.rs","byte_start":5704,"byte_end":5710,"line_start":246,"line_end":246,"column_start":88,"column_end":94,"is_primary":true,"text":[{"text":"    pub fn into_raw_data_with_timestamp_and_receiver(self) -> (Type, String, u64, u64, String) {","highlight_start":88,"highlight_end":94}],"label":"not found in this scope","suggested_replacement":null,"suggestion_applicability":null,"expansion":null}],"children":[],"rendered":"\u001b[0m\u001b[1m\u001b[38;5;9merror[E0412]\u001b[0m\u001b[0m\u001b[1m: cannot find type `String` in this scope\u001b[0m\n\u001b[0m   \u001b[0m\u001b[0m\u001b[1m\u001b[38;5;12m--> \u001b[0m\u001b[0msrc/lib.rs:246:88\u001b[0m\n\u001b[0m    \u001b[0m\u001b[0m\u001b[1m\u001b[38;5;12m|\u001b[0m\n\u001b[0m\u001b[1m\u001b[38;5;12m246\u001b[0m\u001b[0m \u001b[0m\u001b[0m\u001b[1m\u001b[38;5;12m| \u001b[0m\u001b[0m    pub fn into_raw_data_with_timestamp_and_receiver(self) -> (Type, String, u64, u64, String) {\u001b[0m\n\u001b[0m    \u001b[0m\u001b[0m\u001b[1m\u001b[38;5;12m| \u001b[0m\u001b[0m                                                                                       \u001b[0m\u001b[0m\u001b[1m\u001b[38;5;9m^^^^^^\u001b[0m\u001b[0m \u001b[0m\u001b[0m\u001b[1m\u001b[38;5;9mnot found in this scope\u001b[0m\n\n"}
{"message":"cannot find type `String` in this scope","code":{"code":"E0412","explanation":"A used type name is not in scope.\n\nErroneous code examples:\n\n```compile_fail,E0412\nimpl Something {} // error: type name `Something` is not in scope\n\n// or:\n\ntrait Foo {\n    fn bar(N); // error: type name `N` is not in scope\n}\n\n// or:\n\nfn foo(x: T) {} // type name `T` is not in scope\n```\n\nTo fix this error, please verify you didn't misspell the type name, you did\ndeclare it or imported it into the scope. Examples:\n\n```\nstruct Something;\n\nimpl Something {} // ok!\n\n// or:\n\ntrait Foo {\n    type N;\n\n    fn bar(_: Self::N); // ok!\n}\n\n// or:\n\nfn foo<T>(x: T) {} // ok!\n```\n\nAnother case that causes this error is when a type is imported into a parent\nmodule. To fix this, you can follow the suggestion and use File directly or\n`use super::File;` which will import the types from the parent namespace. An\nexample that causes this error is below:\n\n```compile_fail,E0412\nuse std::fs::File;\n\nmod foo {\n    fn some_function(f: File) {}\n}\n```\n\n```\nuse std::fs::File;\n\nmod foo {\n    // either\n    use super::File;\n    // or\n    // use std::fs::File;\n    fn foo(f: File) {}\n}\n# fn main() {} // don't insert it for us; that'll break imports\n```\n"},"level":"error","spans":[{"file_name":"src/lib.rs","byte_start":5878,"byte_end":5884,"line_start":250,"line_end":250,"column_start":78,"column_end":84,"is_primary":true,"text":[{"text":"    pub fn from_raw_data_with_timestamp_and_receiver(sender: Type, receiver: String, value: u64, timestamp: u64, receiver: String) -> Self {","highlight_start":78,"highlight_end":84}],"label":"not found in this scope","suggested_replacement":null,"suggestion_applicability":null,"expansion":null}],"children":[],"rendered":"\u001b[0m\u001b[1m\u001b[38;5;9merror[E0412]\u001b[0m\u001b[0m\u001b[1m: cannot find type `String` in this scope\u001b[0m\n\u001b[0m   \u001b[0m\u001b[0m\u001b[1m\u001b[38;5;12m--> \u001b[0m\u001b[0msrc/lib.rs:250:78\u001b[0m\n\u001b[0m    \u001b[0m\u001b[0m\u001b[1m\u001b[38;5;12m|\u001b[0m\n\u001b[0m\u001b[1m\u001b[38;5;12m250\u001b[0m\u001b[0m \u001b[0m\u001b[0m\u001b[1m\u001b[38;5;12m| \u001b[0m\u001b[0m    pub fn from_raw_data_with_timestamp_and_receiver(sender: Type, receiver: String, value: u64, timestamp: u64, receiver: String) -> Self {\u001b[0m\n\u001b[0m    \u001b[0m\u001b[0m\u001b[1m\u001b[38;5;12m| \u001b[0m\u001b[0m                                                                             \u001b[0m\u001b[0m\u001b[1m\u001b[38;5;9m^^^^^^\u001b[0m\u001b[0m \u001b[0m\u001b[0m\u001b[1m\u001b[38;5;9mnot found in this scope\u001b[0m\n\n"}
{"message":"cannot find type `String` in this scope","code":{"code":"E0412","explanation":"A used type name is not in scope.\n\nErroneous code examples:\n\n```compile_fail,E0412\nimpl Something {} // error: type name `Something` is not in scope\n\n// or:\n\ntrait Foo {\n    fn bar(N); // error: type name `N` is not in scope\n}\n\n// or:\n\nfn foo(x: T) {} // type name `T` is not in scope\n```\n\nTo fix this error, please verify you didn't misspell the type name, you did\ndeclare it or imported it into the scope. Examples:\n\n```\nstruct Something;\n\nimpl Something {} // ok!\n\n// or:\n\ntrait Foo {\n    type N;\n\n    fn bar(_: Self::N); // ok!\n}\n\n// or:\n\nfn foo<T>(x: T) {} // ok!\n```\n\nAnother case that causes this error is when a type is imported into a parent\nmodule. To fix this, you can follow the suggestion and use File directly or\n`use super::File;` which will import the types from the parent namespace. An\nexample that causes this error is below:\n\n```compile_fail,E0412\nuse std::fs::File;\n\nmod foo {\n    fn some_function(f: File) {}\n}\n```\n\n```\nuse std::fs::File;\n\nmod foo {\n    // either\n    use super::File;\n    // or\n    // use std::fs::File;\n    fn foo(f: File) {}\n}\n# fn main() {} // don't insert it for us; that'll break imports\n```\n"},"level":"error","spans":[{"file_name":"src/lib.rs","byte_start":5924,"byte_end":5930,"line_start":250,"line_end":250,"column_start":124,"column_end":130,"is_primary":true,"text":[{"text":"    pub fn from_raw_data_with_timestamp_and_receiver(sender: Type, receiver: String, value: u64, timestamp: u64, receiver: String) -> Self {","highlight_start":124,"highlight_end":130}],"label":"not found in this scope","suggested_replacement":null,"suggestion_applicability":null,"expansion":null}],"children":[],"rendered":"\u001b[0m\u001b[1m\u001b[38;5;9merror[E0412]\u001b[0m\u001b[0m\u001b[1m: cannot find type `String` in this scope\u001b[0m\n\u001b[0m   \u001b[0m\u001b[0m\u001b[1m\u001b[38;5;12m--> \u001b[0m\u001b[0msrc/lib.rs:250:124\u001b[0m\n\u001b[0m    \u001b[0m\u001b[0m\u001b[1m\u001b[38;5;12m|\u001b[0m\n\u001b[0m\u001b[1m\u001b[38;5;12m250\u001b[0m\u001b[0m \u001b[0m\u001b[0m\u001b[1m\u001b[38;5;12m| \u001b[0m\u001b[0m    pub fn from_raw_data_with_timestamp_and_receiver(sender: Type, receiver: String, value: u64, timestamp: u64, receiver: String) -> Self {\u001b[0m\n\u001b[0m    \u001b[0m\u001b[0m\u001b[1m\u001b[38;5;12m| \u001b[0m\u001b[0m                                                                                                                           \u001b[0m\u001b[0m\u001b[1m\u001b[38;5;9m^^^^^^\u001b[0m\u001b[0m \u001b[0m\u001b[0m\u001b[1m\u001b[38;5;9mnot found in this scope\u001b[0m\n\n"}
{"message":"cannot find type `String` in this scope","code":{"code":"E0412","explanation":"A used type name is not in scope.\n\nErroneous code examples:\n\n```compile_fail,E0412\nimpl Something {} // error: type name `Something` is not in scope\n\n// or:\n\ntrait Foo {\n    fn bar(N); // error: type name `N` is not in scope\n}\n\n// or:\n\nfn foo(x: T) {} // type name `T` is not in scope\n```\n\nTo fix this error, please verify you didn't misspell the type name, you did\ndeclare it or imported it into the scope. Examples:\n\n```\nstruct Something;\n\nimpl Something {} // ok!\n\n// or:\n\ntrait Foo {\n    type N;\n\n    fn bar(_: Self::N); // ok!\n}\n\n// or:\n\nfn foo<T>(x: T) {} // ok!\n```\n\nAnother case that causes this error is when a type is imported into a parent\nmodule. To fix this, you can follow the suggestion and use File directly or\n`use super::File;` which will import the types from the parent namespace. An\nexample that causes this error is below:\n\n```compile_fail,E0412\nuse std::fs::File;\n\nmod foo {\n    fn some_function(f: File) {}\n}\n```\n\n```\nuse std::fs::File;\n\nmod foo {\n    // either\n    use super::File;\n    // or\n    // use std::fs::File;\n    fn foo(f: File) {}\n}\n# fn main() {} // don't insert it for us; that'll break imports\n```\n"},"level":"error","spans":[{"file_name":"src/lib.rs","byte_start":6149,"byte_end":6155,"line_start":259,"line_end":259,"column_start":80,"column_end":86,"is_primary":true,"text":[{"text":"    pub fn into_raw_data_with_timestamp_and_receiver_and_value(self) -> (Type, String, u64, u64, String, u64) {","highlight_start":80,"highlight_end":86}],"label":"not found in this scope","suggested_replacement":null,"suggestion_applicability":null,"expansion":null}],"children":[],"rendered":"\u001b[0m\u001b[1m\u001b[38;5;9merror[E0412]\u001b[0m\u001b[0m\u001b[1m: cannot find type `String` in this scope\u001b[0m\n\u001b[0m   \u001b[0m\u001b[0m\u001b[1m\u001b[38;5;12m--> \u001b[0m\u001b[0msrc/lib.rs:259:80\u001b[0m\n\u001b[0m    \u001b[0m\u001b[0m\u001b[1m\u001b[38;5;12m|\u001b[0m\n\u001b[0m\u001b[1m\u001b[38;5;12m259\u001b[0m\u001b[0m \u001b[0m\u001b[0m\u001b[1m\u001b[38;5;12m| \u001b[0m\u001b[0m    pub fn into_raw_data_with_timestamp_and_receiver_and_value(self) -> (Type, String, u64, u64, String, u64) {\u001b[0m\n\u001b[0m    \u001b[0m\u001b[0m\u001b[1m\u001b[38;5;12m| \u001b[0m\u001b[0m                                                                               \u001b[0m\u001b[0m\u001b[1m\u001b[38;5;9m^^^^^^\u001b[0m\u001b[0m \u001b[0m\u001b[0m\u001b[1m\u001b[38;5;9mnot found in this scope\u001b[0m\n\n"}
{"message":"cannot find type `String` in this scope","code":{"code":"E0412","explanation":"A used type name is not in scope.\n\nErroneous code examples:\n\n```compile_fail,E0412\nimpl Something {} // error: type name `Something` is not in scope\n\n// or:\n\ntrait Foo {\n    fn bar(N); // error: type name `N` is not in scope\n}\n\n// or:\n\nfn foo(x: T) {} // type name `T` is not in scope\n```\n\nTo fix this error, please verify you didn't misspell the type name, you did\ndeclare it or imported it into the scope. Examples:\n\n```\nstruct Something;\n\nimpl Something {} // ok!\n\n// or:\n\ntrait Foo {\n    type N;\n\n    fn bar(_: Self::N); // ok!\n}\n\n// or:\n\nfn foo<T>(x: T) {} // ok!\n```\n\nAnother case that causes this error is when a type is imported into a parent\nmodule. To fix this, you can follow the suggestion and use File directly or\n`use super::File;` which will import the types from the parent namespace. An\nexample that causes this error is below:\n\n```compile_fail,E0412\nuse std::fs::File;\n\nmod foo {\n    fn some_function(f: File) {}\n}\n```\n\n```\nuse std::fs::File;\n\nmod foo {\n    // either\n    use super::File;\n    // or\n    // use std::fs::File;\n    fn foo(f: File) {}\n}\n# fn main() {} // don't insert it for us; that'll break imports\n```\n"},"level":"error","spans":[{"file_name":"src/lib.rs","byte_start":6167,"byte_end":6173,"line_start":259,"line_end":259,"column_start":98,"column_end":104,"is_primary":true,"text":[{"text":"    pub fn into_raw_data_with_timestamp_and_receiver_and_value(self) -> (Type, String, u64, u64, String, u64) {","highlight_start":98,"highlight_end":104}],"label":"not found in this scope","suggested_replacement":null,"suggestion_applicability":null,"expansion":null}],"children":[],"rendered":"\u001b[0m\u001b[1m\u001b[38;5;9merror[E0412]\u001b[0m\u001b[0m\u001b[1m: cannot find type `String` in this scope\u001b[0m\n\u001b[0m   \u001b[0m\u001b[0m\u001b[1m\u001b[38;5;12m--> \u001b[0m\u001b[0msrc/lib.rs:259:98\u001b[0m\n\u001b[0m    \u001b[0m\u001b[0m\u001b[1m\u001b[38;5;12m|\u001b[0m\n\u001b[0m\u001b[1m\u001b[38;5;12m259\u001b[0m\u001b[0m \u001b[0m\u001b[0m\u001b[1m\u001b[38;5;12m| \u001b[0m\u001b[0m    pub fn into_raw_data_with_timestamp_and_receiver_and_value(self) -> (Type, String, u64, u64, String, u64) {\u001b[0m\n\u001b[0m    \u001b[0m\u001b[0m\u001b[1m\u001b[38;5;12m| \u001b[0m\u001b[0m                                                                                                 \u001b[0m\u001b[0m\u001b[1m\u001b[38;5;9m^^^^^^\u001b[0m\u001b[0m \u001b[0m\u001b[0m\u001b[1m\u001b[38;5;9mnot found in this scope\u001b[0m\n\n"}
{"message":"cannot find type `String` in this scope","code":{"code":"E0412","explanation":"A used type name is not in scope.\n\nErroneous code examples:\n\n```compile_fail,E0412\nimpl Something {} // error: type name `Something` is not in scope\n\n// or:\n\ntrait Foo {\n    fn bar(N); // error: type name `N` is not in scope\n}\n\n// or:\n\nfn foo(x: T) {} // type name `T` is not in scope\n```\n\nTo fix this error, please verify you didn't misspell the type name, you did\ndeclare it or imported it into the scope. Examples:\n\n```\nstruct Something;\n\nimpl Something {} // ok!\n\n// or:\n\ntrait Foo {\n    type N;\n\n    fn bar(_: Self::N); // ok!\n}\n\n// or:\n\nfn foo<T>(x: T) {} // ok!\n```\n\nAnother case that causes this error is when a type is imported into a parent\nmodule. To fix this, you can follow the suggestion and use File directly or\n`use super::File;` which will import the types from the parent namespace. An\nexample that causes this error is below:\n\n```compile_fail,E0412\nuse std::fs::File;\n\nmod foo {\n    fn some_function(f: File) {}\n}\n```\n\n```\nuse std::fs::File;\n\nmod foo {\n    // either\n    use super::File;\n    // or\n    // use std::fs::File;\n    fn foo(f: File) {}\n}\n# fn main() {} // don't insert it for us; that'll break imports\n```\n"},"level":"error","spans":[{"file_name":"src/lib.rs","byte_start":6377,"byte_end":6383,"line_start":264,"line_end":264,"column_start":88,"column_end":94,"is_primary":true,"text":[{"text":"    pub fn from_raw_data_with_timestamp_and_receiver_and_value(sender: Type, receiver: String, value: u64, timestamp: u64, receiver: String, value: u64) -> Self {","highlight_start":88,"highlight_end":94}],"label":"not found in this scope","suggested_replacement":null,"suggestion_applicability":null,"expansion":null}],"children":[],"rendered":"\u001b[0m\u001b[1m\u001b[38;5;9merror[E0412]\u001b[0m\u001b[0m\u001b[1m: cannot find type `String` in this scope\u001b[0m\n\u001b[0m   \u001b[0m\u001b[0m\u001b[1m\u001b[38;5;12m--> \u001b[0m\u001b[0msrc/lib.rs:264:88\u001b[0m\n\u001b[0m    \u001b[0m\u001b[0m\u001b[1m\u001b[38;5;12m|\u001b[0m\n\u001b[0m\u001b[1m\u001b[38;5;12m264\u001b[0m\u001b[0m \u001b[0m\u001b[0m\u001b[1m\u001b[38;5;12m| \u001b[0m\u001b[0m    pub fn from_raw_data_with_timestamp_and_receiver_and_value(sender: Type, receiver: String, value: u64, timestamp: u64, receiver: Stri\u001b[0m\u001b[0m\u001b[1m\u001b[38;5;12m...\u001b[0m\n\u001b[0m    \u001b[0m\u001b[0m\u001b[1m\u001b[38;5;12m| \u001b[0m\u001b[0m                                                                                       \u001b[0m\u001b[0m\u001b[1m\u001b[38;5;9m^^^^^^\u001b[0m\u001b[0m \u001b[0m\u001b[0m\u001b[1m\u001b[38;5;9mnot found in this scope\u001b[0m\n\n"}
{"message":"cannot find type `String` in this scope","code":{"code":"E0412","explanation":"A used type name is not in scope.\n\nErroneous code examples:\n\n```compile_fail,E0412\nimpl Something {} // error: type name `Something` is not in scope\n\n// or:\n\ntrait Foo {\n    fn bar(N); // error: type name `N` is not in scope\n}\n\n// or:\n\nfn foo(x: T) {} // type name `T` is not in scope\n```\n\nTo fix this error, please verify you didn't misspell the type name, you did\ndeclare it or imported it into the scope. Examples:\n\n```\nstruct Something;\n\nimpl Something {} // ok!\n\n// or:\n\ntrait Foo {\n    type N;\n\n    fn bar(_: Self::N); // ok!\n}\n\n// or:\n\nfn foo<T>(x: T) {} // ok!\n```\n\nAnother case that causes this error is when a type is imported into a parent\nmodule. To fix this, you can follow the suggestion and use File directly or\n`use super::File;` which will import the types from the parent namespace. An\nexample that causes this error is below:\n\n```compile_fail,E0412\nuse std::fs::File;\n\nmod foo {\n    fn some_function(f: File) {}\n}\n```\n\n```\nuse std::fs::File;\n\nmod foo {\n    // either\n    use super::File;\n    // or\n    // use std::fs::File;\n    fn foo(f: File) {}\n}\n# fn main() {} // don't insert it for us; that'll break imports\n```\n"},"level":"error","spans":[{"file_name":"src/lib.rs","byte_start":6423,"byte_end":6429,"line_start":264,"line_end":264,"column_start":134,"column_end":140,"is_primary":true,"text":[{"text":"    pub fn from_raw_data_with_timestamp_and_receiver_and_value(sender: Type, receiver: String, value: u64, timestamp: u64, receiver: String, value: u64) -> Self {","highlight_start":134,"highlight_end":140}],"label":"not found in this scope","suggested_replacement":null,"suggestion_applicability":null,"expansion":null}],"children":[],"rendered":"\u001b[0m\u001b[1m\u001b[38;5;9merror[E0412]\u001b[0m\u001b[0m\u001b[1m: cannot find type `String` in this scope\u001b[0m\n\u001b[0m   \u001b[0m\u001b[0m\u001b[1m\u001b[38;5;12m--> \u001b[0m\u001b[0msrc/lib.rs:264:134\u001b[0m\n\u001b[0m    \u001b[0m\u001b[0m\u001b[1m\u001b[38;5;12m|\u001b[0m\n\u001b[0m\u001b[1m\u001b[38;5;12m264\u001b[0m\u001b[0m \u001b[0m\u001b[0m\u001b[1m\u001b[38;5;12m| ...\u001b[0m\u001b[0miver: String, value: u64, timestamp: u64, receiver: String, value: u64) -> Self {\u001b[0m\n\u001b[0m    \u001b[0m\u001b[0m\u001b[1m\u001b[38;5;12m| \u001b[0m\u001b[0m                                                       \u001b[0m\u001b[0m\u001b[1m\u001b[38;5;9m^^^^^^\u001b[0m\u001b[0m \u001b[0m\u001b[0m\u001b[1m\u001b[38;5;9mnot found in this scope\u001b[0m\n\n"}
{"message":"cannot find type `String` in this scope","code":{"code":"E0412","explanation":"A used type name is not in scope.\n\nErroneous code examples:\n\n```compile_fail,E0412\nimpl Something {} // error: type name `Something` is not in scope\n\n// or:\n\ntrait Foo {\n    fn bar(N); // error: type name `N` is not in scope\n}\n\n// or:\n\nfn foo(x: T) {} // type name `T` is not in scope\n```\n\nTo fix this error, please verify you didn't misspell the type name, you did\ndeclare it or imported it into the scope. Examples:\n\n```\nstruct Something;\n\nimpl Something {} // ok!\n\n// or:\n\ntrait Foo {\n    type N;\n\n    fn bar(_: Self::N); // ok!\n}\n\n// or:\n\nfn foo<T>(x: T) {} // ok!\n```\n\nAnother case that causes this error is when a type is imported into a parent\nmodule. To fix this, you can follow the suggestion and use File directly or\n`use super::File;` which will import the types from the parent namespace. An\nexample that causes this error is below:\n\n```compile_fail,E0412\nuse std::fs::File;\n\nmod foo {\n    fn some_function(f: File) {}\n}\n```\n\n```\nuse std::fs::File;\n\nmod foo {\n    // either\n    use super::File;\n    // or\n    // use std::fs::File;\n    fn foo(f: File) {}\n}\n# fn main() {} // don't insert it for us; that'll break imports\n```\n"},"level":"error","spans":[{"file_name":"src/lib.rs","byte_start":6719,"byte_end":6725,"line_start":279,"line_end":279,"column_start":22,"column_end":28,"is_primary":true,"text":[{"text":"    pub parent_hash: String,","highlight_start":22,"highlight_end":28}],"label":"not found in this scope","suggested_replacement":null,"suggestion_applicability":null,"expansion":null}],"children":[],"rendered":"\u001b[0m\u001b[1m\u001b[38;5;9merror[E0412]\u001b[0m\u001b[0m\u001b[1m: cannot find type `String` in this scope\u001b[0m\n\u001b[0m   \u001b[0m\u001b[0m\u001b[1m\u001b[38;5;12m--> \u001b[0m\u001b[0msrc/lib.rs:279:22\u001b[0m\n\u001b[0m    \u001b[0m\u001b[0m\u001b[1m\u001b[38;5;12m|\u001b[0m\n\u001b[0m\u001b[1m\u001b[38;5;12m279\u001b[0m\u001b[0m \u001b[0m\u001b[0m\u001b[1m\u001b[38;5;12m| \u001b[0m\u001b[0m    pub parent_hash: String,\u001b[0m\n\u001b[0m    \u001b[0m\u001b[0m\u001b[1m\u001b[38;5;12m| \u001b[0m\u001b[0m                     \u001b[0m\u001b[0m\u001b[1m\u001b[38;5;9m^^^^^^\u001b[0m\u001b[0m \u001b[0m\u001b[0m\u001b[1m\u001b[38;5;9mnot found in this scope\u001b[0m\n\n"}
{"message":"cannot find type `String` in this scope","code":{"code":"E0412","explanation":"A used type name is not in scope.\n\nErroneous code examples:\n\n```compile_fail,E0412\nimpl Something {} // error: type name `Something` is not in scope\n\n// or:\n\ntrait Foo {\n    fn bar(N); // error: type name `N` is not in scope\n}\n\n// or:\n\nfn foo(x: T) {} // type name `T` is not in scope\n```\n\nTo fix this error, please verify you didn't misspell the type name, you did\ndeclare it or imported it into the scope. Examples:\n\n```\nstruct Something;\n\nimpl Something {} // ok!\n\n// or:\n\ntrait Foo {\n    type N;\n\n    fn bar(_: Self::N); // ok!\n}\n\n// or:\n\nfn foo<T>(x: T) {} // ok!\n```\n\nAnother case that causes this error is when a type is imported into a parent\nmodule. To fix this, you can follow the suggestion and use File directly or\n`use super::File;` which will import the types from the parent namespace. An\nexample that causes this error is below:\n\n```compile_fail,E0412\nuse std::fs::File;\n\nmod foo {\n    fn some_function(f: File) {}\n}\n```\n\n```\nuse std::fs::File;\n\nmod foo {\n    // either\n    use super::File;\n    // or\n    // use std::fs::File;\n    fn foo(f: File) {}\n}\n# fn main() {} // don't insert it for us; that'll break imports\n```\n"},"level":"error","spans":[{"file_name":"src/lib.rs","byte_start":6719,"byte_end":6725,"line_start":279,"line_end":279,"column_start":22,"column_end":28,"is_primary":true,"text":[{"text":"    pub parent_hash: String,","highlight_start":22,"highlight_end":28}],"label":"not found in this scope","suggested_replacement":null,"suggestion_applicability":null,"expansion":null}],"children":[{"message":"you might be missing a type parameter","code":null,"level":"help","spans":[{"file_name":"src/lib.rs","byte_start":6674,"byte_end":6674,"line_start":277,"line_end":277,"column_start":28,"column_end":28,"is_primary":true,"text":[{"text":"pub struct PanicBlockHeader {","highlight_start":28,"highlight_end":28}],"label":null,"suggested_replacement":"<String>","suggestion_applicability":"MaybeIncorrect","expansion":{"span":{"file_name":"src/lib.rs","byte_start":6619,"byte_end":6621,"line_start":276,"line_end":276,"column_start":35,"column_end":37,"is_primary":false,"text":[{"text":"#[derive(Clone, Debug, PartialEq, Eq, PartialOrd, Ord, Hash)]","highlight_start":35,"highlight_end":37}],"label":null,"suggested_replacement":null,"suggestion_applicability":null,"expansion":null},"macro_decl_name":"#[derive(Eq)]","def_site_span":{"file_name":"/private/tmp/rust-20220618-83111-1qsludx/rustc-1.61.0-src/library/core/src/cmp.rs","byte_start":9948,"byte_end":10004,"line_start":305,"line_end":307,"column_start":1,"column_end":2,"is_primary":false,"text":[],"label":null,"suggested_replacement":null,"suggestion_applicability":null,"expansion":null}}}],"children":[],"rendered":null}],"rendered":"\u001b[0m\u001b[1m\u001b[38;5;9merror[E0412]\u001b[0m\u001b[0m\u001b[1m: cannot find type `String` in this scope\u001b[0m\n\u001b[0m   \u001b[0m\u001b[0m\u001b[1m\u001b[38;5;12m--> \u001b[0m\u001b[0msrc/lib.rs:279:22\u001b[0m\n\u001b[0m    \u001b[0m\u001b[0m\u001b[1m\u001b[38;5;12m|\u001b[0m\n\u001b[0m\u001b[1m\u001b[38;5;12m277\u001b[0m\u001b[0m \u001b[0m\u001b[0m\u001b[1m\u001b[38;5;12m| \u001b[0m\u001b[0mpub struct PanicBlockHeader {\u001b[0m\n\u001b[0m    \u001b[0m\u001b[0m\u001b[1m\u001b[38;5;12m| \u001b[0m\u001b[0m                           \u001b[0m\u001b[0m\u001b[1m\u001b[38;5;12m-\u001b[0m\u001b[0m \u001b[0m\u001b[0m\u001b[1m\u001b[38;5;12mhelp: you might be missing a type parameter: `<String>`\u001b[0m\n\u001b[0m\u001b[1m\u001b[38;5;12m278\u001b[0m\u001b[0m \u001b[0m\u001b[0m\u001b[1m\u001b[38;5;12m| \u001b[0m\u001b[0m    pub number: u64,\u001b[0m\n\u001b[0m\u001b[1m\u001b[38;5;12m279\u001b[0m\u001b[0m \u001b[0m\u001b[0m\u001b[1m\u001b[38;5;12m| \u001b[0m\u001b[0m    pub parent_hash: String,\u001b[0m\n\u001b[0m    \u001b[0m\u001b[0m\u001b[1m\u001b[38;5;12m| \u001b[0m\u001b[0m                     \u001b[0m\u001b[0m\u001b[1m\u001b[38;5;9m^^^^^^\u001b[0m\u001b[0m \u001b[0m\u001b[0m\u001b[1m\u001b[38;5;9mnot found in this scope\u001b[0m\n\n"}
{"message":"cannot find type `Vec` in this scope","code":{"code":"E0412","explanation":"A used type name is not in scope.\n\nErroneous code examples:\n\n```compile_fail,E0412\nimpl Something {} // error: type name `Something` is not in scope\n\n// or:\n\ntrait Foo {\n    fn bar(N); // error: type name `N` is not in scope\n}\n\n// or:\n\nfn foo(x: T) {} // type name `T` is not in scope\n```\n\nTo fix this error, please verify you didn't misspell the type name, you did\ndeclare it or imported it into the scope. Examples:\n\n```\nstruct Something;\n\nimpl Something {} // ok!\n\n// or:\n\ntrait Foo {\n    type N;\n\n    fn bar(_: Self::N); // ok!\n}\n\n// or:\n\nfn foo<T>(x: T) {} // ok!\n```\n\nAnother case that causes this error is when a type is imported into a parent\nmodule. To fix this, you can follow the suggestion and use File directly or\n`use super::File;` which will import the types from the parent namespace. An\nexample that causes this error is below:\n\n```compile_fail,E0412\nuse std::fs::File;\n\nmod foo {\n    fn some_function(f: File) {}\n}\n```\n\n```\nuse std::fs::File;\n\nmod foo {\n    // either\n    use super::File;\n    // or\n    // use std::fs::File;\n    fn foo(f: File) {}\n}\n# fn main() {} // don't insert it for us; that'll break imports\n```\n"},"level":"error","spans":[{"file_name":"src/lib.rs","byte_start":6867,"byte_end":6870,"line_start":286,"line_end":286,"column_start":23,"column_end":26,"is_primary":true,"text":[{"text":"    pub transactions: Vec<String>,","highlight_start":23,"highlight_end":26}],"label":"not found in this scope","suggested_replacement":null,"suggestion_applicability":null,"expansion":null}],"children":[],"rendered":"\u001b[0m\u001b[1m\u001b[38;5;9merror[E0412]\u001b[0m\u001b[0m\u001b[1m: cannot find type `Vec` in this scope\u001b[0m\n\u001b[0m   \u001b[0m\u001b[0m\u001b[1m\u001b[38;5;12m--> \u001b[0m\u001b[0msrc/lib.rs:286:23\u001b[0m\n\u001b[0m    \u001b[0m\u001b[0m\u001b[1m\u001b[38;5;12m|\u001b[0m\n\u001b[0m\u001b[1m\u001b[38;5;12m286\u001b[0m\u001b[0m \u001b[0m\u001b[0m\u001b[1m\u001b[38;5;12m| \u001b[0m\u001b[0m    pub transactions: Vec<String>,\u001b[0m\n\u001b[0m    \u001b[0m\u001b[0m\u001b[1m\u001b[38;5;12m| \u001b[0m\u001b[0m                      \u001b[0m\u001b[0m\u001b[1m\u001b[38;5;9m^^^\u001b[0m\u001b[0m \u001b[0m\u001b[0m\u001b[1m\u001b[38;5;9mnot found in this scope\u001b[0m\n\n"}
{"message":"cannot find type `String` in this scope","code":{"code":"E0412","explanation":"A used type name is not in scope.\n\nErroneous code examples:\n\n```compile_fail,E0412\nimpl Something {} // error: type name `Something` is not in scope\n\n// or:\n\ntrait Foo {\n    fn bar(N); // error: type name `N` is not in scope\n}\n\n// or:\n\nfn foo(x: T) {} // type name `T` is not in scope\n```\n\nTo fix this error, please verify you didn't misspell the type name, you did\ndeclare it or imported it into the scope. Examples:\n\n```\nstruct Something;\n\nimpl Something {} // ok!\n\n// or:\n\ntrait Foo {\n    type N;\n\n    fn bar(_: Self::N); // ok!\n}\n\n// or:\n\nfn foo<T>(x: T) {} // ok!\n```\n\nAnother case that causes this error is when a type is imported into a parent\nmodule. To fix this, you can follow the suggestion and use File directly or\n`use super::File;` which will import the types from the parent namespace. An\nexample that causes this error is below:\n\n```compile_fail,E0412\nuse std::fs::File;\n\nmod foo {\n    fn some_function(f: File) {}\n}\n```\n\n```\nuse std::fs::File;\n\nmod foo {\n    // either\n    use super::File;\n    // or\n    // use std::fs::File;\n    fn foo(f: File) {}\n}\n# fn main() {} // don't insert it for us; that'll break imports\n```\n"},"level":"error","spans":[{"file_name":"src/lib.rs","byte_start":6871,"byte_end":6877,"line_start":286,"line_end":286,"column_start":27,"column_end":33,"is_primary":true,"text":[{"text":"    pub transactions: Vec<String>,","highlight_start":27,"highlight_end":33}],"label":"not found in this scope","suggested_replacement":null,"suggestion_applicability":null,"expansion":null}],"children":[{"message":"you might be missing a type parameter","code":null,"level":"help","spans":[{"file_name":"src/lib.rs","byte_start":6842,"byte_end":6842,"line_start":285,"line_end":285,"column_start":26,"column_end":26,"is_primary":true,"text":[{"text":"pub struct PanicBlockBody {","highlight_start":26,"highlight_end":26}],"label":null,"suggested_replacement":"<String>","suggestion_applicability":"MaybeIncorrect","expansion":null}],"children":[],"rendered":null}],"rendered":"\u001b[0m\u001b[1m\u001b[38;5;9merror[E0412]\u001b[0m\u001b[0m\u001b[1m: cannot find type `String` in this scope\u001b[0m\n\u001b[0m   \u001b[0m\u001b[0m\u001b[1m\u001b[38;5;12m--> \u001b[0m\u001b[0msrc/lib.rs:286:27\u001b[0m\n\u001b[0m    \u001b[0m\u001b[0m\u001b[1m\u001b[38;5;12m|\u001b[0m\n\u001b[0m\u001b[1m\u001b[38;5;12m285\u001b[0m\u001b[0m \u001b[0m\u001b[0m\u001b[1m\u001b[38;5;12m| \u001b[0m\u001b[0mpub struct PanicBlockBody {\u001b[0m\n\u001b[0m    \u001b[0m\u001b[0m\u001b[1m\u001b[38;5;12m| \u001b[0m\u001b[0m                         \u001b[0m\u001b[0m\u001b[1m\u001b[38;5;12m-\u001b[0m\u001b[0m \u001b[0m\u001b[0m\u001b[1m\u001b[38;5;12mhelp: you might be missing a type parameter: `<String>`\u001b[0m\n\u001b[0m\u001b[1m\u001b[38;5;12m286\u001b[0m\u001b[0m \u001b[0m\u001b[0m\u001b[1m\u001b[38;5;12m| \u001b[0m\u001b[0m    pub transactions: Vec<String>,\u001b[0m\n\u001b[0m    \u001b[0m\u001b[0m\u001b[1m\u001b[38;5;12m| \u001b[0m\u001b[0m                          \u001b[0m\u001b[0m\u001b[1m\u001b[38;5;9m^^^^^^\u001b[0m\u001b[0m \u001b[0m\u001b[0m\u001b[1m\u001b[38;5;9mnot found in this scope\u001b[0m\n\n"}
{"message":"cannot find type `String` in this scope","code":{"code":"E0412","explanation":"A used type name is not in scope.\n\nErroneous code examples:\n\n```compile_fail,E0412\nimpl Something {} // error: type name `Something` is not in scope\n\n// or:\n\ntrait Foo {\n    fn bar(N); // error: type name `N` is not in scope\n}\n\n// or:\n\nfn foo(x: T) {} // type name `T` is not in scope\n```\n\nTo fix this error, please verify you didn't misspell the type name, you did\ndeclare it or imported it into the scope. Examples:\n\n```\nstruct Something;\n\nimpl Something {} // ok!\n\n// or:\n\ntrait Foo {\n    type N;\n\n    fn bar(_: Self::N); // ok!\n}\n\n// or:\n\nfn foo<T>(x: T) {} // ok!\n```\n\nAnother case that causes this error is when a type is imported into a parent\nmodule. To fix this, you can follow the suggestion and use File directly or\n`use super::File;` which will import the types from the parent namespace. An\nexample that causes this error is below:\n\n```compile_fail,E0412\nuse std::fs::File;\n\nmod foo {\n    fn some_function(f: File) {}\n}\n```\n\n```\nuse std::fs::File;\n\nmod foo {\n    // either\n    use super::File;\n    // or\n    // use std::fs::File;\n    fn foo(f: File) {}\n}\n# fn main() {} // don't insert it for us; that'll break imports\n```\n"},"level":"error","spans":[{"file_name":"src/lib.rs","byte_start":6871,"byte_end":6877,"line_start":286,"line_end":286,"column_start":27,"column_end":33,"is_primary":true,"text":[{"text":"    pub transactions: Vec<String>,","highlight_start":27,"highlight_end":33}],"label":"not found in this scope","suggested_replacement":null,"suggestion_applicability":null,"expansion":null}],"children":[{"message":"you might be missing a type parameter","code":null,"level":"help","spans":[{"file_name":"src/lib.rs","byte_start":6842,"byte_end":6842,"line_start":285,"line_end":285,"column_start":26,"column_end":26,"is_primary":true,"text":[{"text":"pub struct PanicBlockBody {","highlight_start":26,"highlight_end":26}],"label":null,"suggested_replacement":"<String>","suggestion_applicability":"MaybeIncorrect","expansion":{"span":{"file_name":"src/lib.rs","byte_start":6789,"byte_end":6791,"line_start":284,"line_end":284,"column_start":35,"column_end":37,"is_primary":false,"text":[{"text":"#[derive(Clone, Debug, PartialEq, Eq, PartialOrd, Ord, Hash)]","highlight_start":35,"highlight_end":37}],"label":null,"suggested_replacement":null,"suggestion_applicability":null,"expansion":null},"macro_decl_name":"#[derive(Eq)]","def_site_span":{"file_name":"/private/tmp/rust-20220618-83111-1qsludx/rustc-1.61.0-src/library/core/src/cmp.rs","byte_start":9948,"byte_end":10004,"line_start":305,"line_end":307,"column_start":1,"column_end":2,"is_primary":false,"text":[],"label":null,"suggested_replacement":null,"suggestion_applicability":null,"expansion":null}}}],"children":[],"rendered":null}],"rendered":"\u001b[0m\u001b[1m\u001b[38;5;9merror[E0412]\u001b[0m\u001b[0m\u001b[1m: cannot find type `String` in this scope\u001b[0m\n\u001b[0m   \u001b[0m\u001b[0m\u001b[1m\u001b[38;5;12m--> \u001b[0m\u001b[0msrc/lib.rs:286:27\u001b[0m\n\u001b[0m    \u001b[0m\u001b[0m\u001b[1m\u001b[38;5;12m|\u001b[0m\n\u001b[0m\u001b[1m\u001b[38;5;12m285\u001b[0m\u001b[0m \u001b[0m\u001b[0m\u001b[1m\u001b[38;5;12m| \u001b[0m\u001b[0mpub struct PanicBlockBody {\u001b[0m\n\u001b[0m    \u001b[0m\u001b[0m\u001b[1m\u001b[38;5;12m| \u001b[0m\u001b[0m                         \u001b[0m\u001b[0m\u001b[1m\u001b[38;5;12m-\u001b[0m\u001b[0m \u001b[0m\u001b[0m\u001b[1m\u001b[38;5;12mhelp: you might be missing a type parameter: `<String>`\u001b[0m\n\u001b[0m\u001b[1m\u001b[38;5;12m286\u001b[0m\u001b[0m \u001b[0m\u001b[0m\u001b[1m\u001b[38;5;12m| \u001b[0m\u001b[0m    pub transactions: Vec<String>,\u001b[0m\n\u001b[0m    \u001b[0m\u001b[0m\u001b[1m\u001b[38;5;12m| \u001b[0m\u001b[0m                          \u001b[0m\u001b[0m\u001b[1m\u001b[38;5;9m^^^^^^\u001b[0m\u001b[0m \u001b[0m\u001b[0m\u001b[1m\u001b[38;5;9mnot found in this scope\u001b[0m\n\n"}
{"message":"cannot find type `Vec` in this scope","code":{"code":"E0412","explanation":"A used type name is not in scope.\n\nErroneous code examples:\n\n```compile_fail,E0412\nimpl Something {} // error: type name `Something` is not in scope\n\n// or:\n\ntrait Foo {\n    fn bar(N); // error: type name `N` is not in scope\n}\n\n// or:\n\nfn foo(x: T) {} // type name `T` is not in scope\n```\n\nTo fix this error, please verify you didn't misspell the type name, you did\ndeclare it or imported it into the scope. Examples:\n\n```\nstruct Something;\n\nimpl Something {} // ok!\n\n// or:\n\ntrait Foo {\n    type N;\n\n    fn bar(_: Self::N); // ok!\n}\n\n// or:\n\nfn foo<T>(x: T) {} // ok!\n```\n\nAnother case that causes this error is when a type is imported into a parent\nmodule. To fix this, you can follow the suggestion and use File directly or\n`use super::File;` which will import the types from the parent namespace. An\nexample that causes this error is below:\n\n```compile_fail,E0412\nuse std::fs::File;\n\nmod foo {\n    fn some_function(f: File) {}\n}\n```\n\n```\nuse std::fs::File;\n\nmod foo {\n    // either\n    use super::File;\n    // or\n    // use std::fs::File;\n    fn foo(f: File) {}\n}\n# fn main() {} // don't insert it for us; that'll break imports\n```\n"},"level":"error","spans":[{"file_name":"src/lib.rs","byte_start":6934,"byte_end":6937,"line_start":290,"line_end":290,"column_start":30,"column_end":33,"is_primary":true,"text":[{"text":"    pub fn new(transactions: Vec<String>) -> PanicBlockBody {","highlight_start":30,"highlight_end":33}],"label":"not found in this scope","suggested_replacement":null,"suggestion_applicability":null,"expansion":null}],"children":[],"rendered":"\u001b[0m\u001b[1m\u001b[38;5;9merror[E0412]\u001b[0m\u001b[0m\u001b[1m: cannot find type `Vec` in this scope\u001b[0m\n\u001b[0m   \u001b[0m\u001b[0m\u001b[1m\u001b[38;5;12m--> \u001b[0m\u001b[0msrc/lib.rs:290:30\u001b[0m\n\u001b[0m    \u001b[0m\u001b[0m\u001b[1m\u001b[38;5;12m|\u001b[0m\n\u001b[0m\u001b[1m\u001b[38;5;12m290\u001b[0m\u001b[0m \u001b[0m\u001b[0m\u001b[1m\u001b[38;5;12m| \u001b[0m\u001b[0m    pub fn new(transactions: Vec<String>) -> PanicBlockBody {\u001b[0m\n\u001b[0m    \u001b[0m\u001b[0m\u001b[1m\u001b[38;5;12m| \u001b[0m\u001b[0m                             \u001b[0m\u001b[0m\u001b[1m\u001b[38;5;9m^^^\u001b[0m\u001b[0m \u001b[0m\u001b[0m\u001b[1m\u001b[38;5;9mnot found in this scope\u001b[0m\n\n"}
{"message":"cannot find type `String` in this scope","code":{"code":"E0412","explanation":"A used type name is not in scope.\n\nErroneous code examples:\n\n```compile_fail,E0412\nimpl Something {} // error: type name `Something` is not in scope\n\n// or:\n\ntrait Foo {\n    fn bar(N); // error: type name `N` is not in scope\n}\n\n// or:\n\nfn foo(x: T) {} // type name `T` is not in scope\n```\n\nTo fix this error, please verify you didn't misspell the type name, you did\ndeclare it or imported it into the scope. Examples:\n\n```\nstruct Something;\n\nimpl Something {} // ok!\n\n// or:\n\ntrait Foo {\n    type N;\n\n    fn bar(_: Self::N); // ok!\n}\n\n// or:\n\nfn foo<T>(x: T) {} // ok!\n```\n\nAnother case that causes this error is when a type is imported into a parent\nmodule. To fix this, you can follow the suggestion and use File directly or\n`use super::File;` which will import the types from the parent namespace. An\nexample that causes this error is below:\n\n```compile_fail,E0412\nuse std::fs::File;\n\nmod foo {\n    fn some_function(f: File) {}\n}\n```\n\n```\nuse std::fs::File;\n\nmod foo {\n    // either\n    use super::File;\n    // or\n    // use std::fs::File;\n    fn foo(f: File) {}\n}\n# fn main() {} // don't insert it for us; that'll break imports\n```\n"},"level":"error","spans":[{"file_name":"src/lib.rs","byte_start":6938,"byte_end":6944,"line_start":290,"line_end":290,"column_start":34,"column_end":40,"is_primary":true,"text":[{"text":"    pub fn new(transactions: Vec<String>) -> PanicBlockBody {","highlight_start":34,"highlight_end":40}],"label":"not found in this scope","suggested_replacement":null,"suggestion_applicability":null,"expansion":null}],"children":[{"message":"you might be missing a type parameter","code":null,"level":"help","spans":[{"file_name":"src/lib.rs","byte_start":6887,"byte_end":6887,"line_start":289,"line_end":289,"column_start":5,"column_end":5,"is_primary":true,"text":[{"text":"impl PanicBlockBody {","highlight_start":5,"highlight_end":5}],"label":null,"suggested_replacement":"<String>","suggestion_applicability":"MaybeIncorrect","expansion":null}],"children":[],"rendered":null}],"rendered":"\u001b[0m\u001b[1m\u001b[38;5;9merror[E0412]\u001b[0m\u001b[0m\u001b[1m: cannot find type `String` in this scope\u001b[0m\n\u001b[0m   \u001b[0m\u001b[0m\u001b[1m\u001b[38;5;12m--> \u001b[0m\u001b[0msrc/lib.rs:290:34\u001b[0m\n\u001b[0m    \u001b[0m\u001b[0m\u001b[1m\u001b[38;5;12m|\u001b[0m\n\u001b[0m\u001b[1m\u001b[38;5;12m289\u001b[0m\u001b[0m \u001b[0m\u001b[0m\u001b[1m\u001b[38;5;12m| \u001b[0m\u001b[0mimpl PanicBlockBody {\u001b[0m\n\u001b[0m    \u001b[0m\u001b[0m\u001b[1m\u001b[38;5;12m| \u001b[0m\u001b[0m    \u001b[0m\u001b[0m\u001b[1m\u001b[38;5;12m-\u001b[0m\u001b[0m \u001b[0m\u001b[0m\u001b[1m\u001b[38;5;12mhelp: you might be missing a type parameter: `<String>`\u001b[0m\n\u001b[0m\u001b[1m\u001b[38;5;12m290\u001b[0m\u001b[0m \u001b[0m\u001b[0m\u001b[1m\u001b[38;5;12m| \u001b[0m\u001b[0m    pub fn new(transactions: Vec<String>) -> PanicBlockBody {\u001b[0m\n\u001b[0m    \u001b[0m\u001b[0m\u001b[1m\u001b[38;5;12m| \u001b[0m\u001b[0m                                 \u001b[0m\u001b[0m\u001b[1m\u001b[38;5;9m^^^^^^\u001b[0m\u001b[0m \u001b[0m\u001b[0m\u001b[1m\u001b[38;5;9mnot found in this scope\u001b[0m\n\n"}
{"message":"cannot find type `String` in this scope","code":{"code":"E0412","explanation":"A used type name is not in scope.\n\nErroneous code examples:\n\n```compile_fail,E0412\nimpl Something {} // error: type name `Something` is not in scope\n\n// or:\n\ntrait Foo {\n    fn bar(N); // error: type name `N` is not in scope\n}\n\n// or:\n\nfn foo(x: T) {} // type name `T` is not in scope\n```\n\nTo fix this error, please verify you didn't misspell the type name, you did\ndeclare it or imported it into the scope. Examples:\n\n```\nstruct Something;\n\nimpl Something {} // ok!\n\n// or:\n\ntrait Foo {\n    type N;\n\n    fn bar(_: Self::N); // ok!\n}\n\n// or:\n\nfn foo<T>(x: T) {} // ok!\n```\n\nAnother case that causes this error is when a type is imported into a parent\nmodule. To fix this, you can follow the suggestion and use File directly or\n`use super::File;` which will import the types from the parent namespace. An\nexample that causes this error is below:\n\n```compile_fail,E0412\nuse std::fs::File;\n\nmod foo {\n    fn some_function(f: File) {}\n}\n```\n\n```\nuse std::fs::File;\n\nmod foo {\n    // either\n    use super::File;\n    // or\n    // use std::fs::File;\n    fn foo(f: File) {}\n}\n# fn main() {} // don't insert it for us; that'll break imports\n```\n"},"level":"error","spans":[{"file_name":"src/lib.rs","byte_start":7173,"byte_end":7179,"line_start":301,"line_end":301,"column_start":22,"column_end":28,"is_primary":true,"text":[{"text":"    pub parent_hash: String,","highlight_start":22,"highlight_end":28}],"label":"not found in this scope","suggested_replacement":null,"suggestion_applicability":null,"expansion":null}],"children":[],"rendered":"\u001b[0m\u001b[1m\u001b[38;5;9merror[E0412]\u001b[0m\u001b[0m\u001b[1m: cannot find type `String` in this scope\u001b[0m\n\u001b[0m   \u001b[0m\u001b[0m\u001b[1m\u001b[38;5;12m--> \u001b[0m\u001b[0msrc/lib.rs:301:22\u001b[0m\n\u001b[0m    \u001b[0m\u001b[0m\u001b[1m\u001b[38;5;12m|\u001b[0m\n\u001b[0m\u001b[1m\u001b[38;5;12m301\u001b[0m\u001b[0m \u001b[0m\u001b[0m\u001b[1m\u001b[38;5;12m| \u001b[0m\u001b[0m    pub parent_hash: String,\u001b[0m\n\u001b[0m    \u001b[0m\u001b[0m\u001b[1m\u001b[38;5;12m| \u001b[0m\u001b[0m                     \u001b[0m\u001b[0m\u001b[1m\u001b[38;5;9m^^^^^^\u001b[0m\u001b[0m \u001b[0m\u001b[0m\u001b[1m\u001b[38;5;9mnot found in this scope\u001b[0m\n\n"}
{"message":"cannot find type `String` in this scope","code":{"code":"E0412","explanation":"A used type name is not in scope.\n\nErroneous code examples:\n\n```compile_fail,E0412\nimpl Something {} // error: type name `Something` is not in scope\n\n// or:\n\ntrait Foo {\n    fn bar(N); // error: type name `N` is not in scope\n}\n\n// or:\n\nfn foo(x: T) {} // type name `T` is not in scope\n```\n\nTo fix this error, please verify you didn't misspell the type name, you did\ndeclare it or imported it into the scope. Examples:\n\n```\nstruct Something;\n\nimpl Something {} // ok!\n\n// or:\n\ntrait Foo {\n    type N;\n\n    fn bar(_: Self::N); // ok!\n}\n\n// or:\n\nfn foo<T>(x: T) {} // ok!\n```\n\nAnother case that causes this error is when a type is imported into a parent\nmodule. To fix this, you can follow the suggestion and use File directly or\n`use super::File;` which will import the types from the parent namespace. An\nexample that causes this error is below:\n\n```compile_fail,E0412\nuse std::fs::File;\n\nmod foo {\n    fn some_function(f: File) {}\n}\n```\n\n```\nuse std::fs::File;\n\nmod foo {\n    // either\n    use super::File;\n    // or\n    // use std::fs::File;\n    fn foo(f: File) {}\n}\n# fn main() {} // don't insert it for us; that'll break imports\n```\n"},"level":"error","spans":[{"file_name":"src/lib.rs","byte_start":7173,"byte_end":7179,"line_start":301,"line_end":301,"column_start":22,"column_end":28,"is_primary":true,"text":[{"text":"    pub parent_hash: String,","highlight_start":22,"highlight_end":28}],"label":"not found in this scope","suggested_replacement":null,"suggestion_applicability":null,"expansion":null}],"children":[{"message":"you might be missing a type parameter","code":null,"level":"help","spans":[{"file_name":"src/lib.rs","byte_start":7128,"byte_end":7128,"line_start":299,"line_end":299,"column_start":30,"column_end":30,"is_primary":true,"text":[{"text":"pub struct PanicBlockHeaderDB {","highlight_start":30,"highlight_end":30}],"label":null,"suggested_replacement":"<String>","suggestion_applicability":"MaybeIncorrect","expansion":{"span":{"file_name":"src/lib.rs","byte_start":7071,"byte_end":7073,"line_start":298,"line_end":298,"column_start":35,"column_end":37,"is_primary":false,"text":[{"text":"#[derive(Clone, Debug, PartialEq, Eq, PartialOrd, Ord, Hash)]","highlight_start":35,"highlight_end":37}],"label":null,"suggested_replacement":null,"suggestion_applicability":null,"expansion":null},"macro_decl_name":"#[derive(Eq)]","def_site_span":{"file_name":"/private/tmp/rust-20220618-83111-1qsludx/rustc-1.61.0-src/library/core/src/cmp.rs","byte_start":9948,"byte_end":10004,"line_start":305,"line_end":307,"column_start":1,"column_end":2,"is_primary":false,"text":[],"label":null,"suggested_replacement":null,"suggestion_applicability":null,"expansion":null}}}],"children":[],"rendered":null}],"rendered":"\u001b[0m\u001b[1m\u001b[38;5;9merror[E0412]\u001b[0m\u001b[0m\u001b[1m: cannot find type `String` in this scope\u001b[0m\n\u001b[0m   \u001b[0m\u001b[0m\u001b[1m\u001b[38;5;12m--> \u001b[0m\u001b[0msrc/lib.rs:301:22\u001b[0m\n\u001b[0m    \u001b[0m\u001b[0m\u001b[1m\u001b[38;5;12m|\u001b[0m\n\u001b[0m\u001b[1m\u001b[38;5;12m299\u001b[0m\u001b[0m \u001b[0m\u001b[0m\u001b[1m\u001b[38;5;12m| \u001b[0m\u001b[0mpub struct PanicBlockHeaderDB {\u001b[0m\n\u001b[0m    \u001b[0m\u001b[0m\u001b[1m\u001b[38;5;12m| \u001b[0m\u001b[0m                             \u001b[0m\u001b[0m\u001b[1m\u001b[38;5;12m-\u001b[0m\u001b[0m \u001b[0m\u001b[0m\u001b[1m\u001b[38;5;12mhelp: you might be missing a type parameter: `<String>`\u001b[0m\n\u001b[0m\u001b[1m\u001b[38;5;12m300\u001b[0m\u001b[0m \u001b[0m\u001b[0m\u001b[1m\u001b[38;5;12m| \u001b[0m\u001b[0m    pub number: u64,\u001b[0m\n\u001b[0m\u001b[1m\u001b[38;5;12m301\u001b[0m\u001b[0m \u001b[0m\u001b[0m\u001b[1m\u001b[38;5;12m| \u001b[0m\u001b[0m    pub parent_hash: String,\u001b[0m\n\u001b[0m    \u001b[0m\u001b[0m\u001b[1m\u001b[38;5;12m| \u001b[0m\u001b[0m                     \u001b[0m\u001b[0m\u001b[1m\u001b[38;5;9m^^^^^^\u001b[0m\u001b[0m \u001b[0m\u001b[0m\u001b[1m\u001b[38;5;9mnot found in this scope\u001b[0m\n\n"}
{"message":"cycle detected when expanding type alias `Type`","code":{"code":"E0391","explanation":"A type dependency cycle has been encountered.\n\nErroneous code example:\n\n```compile_fail,E0391\ntrait FirstTrait : SecondTrait {\n\n}\n\ntrait SecondTrait : FirstTrait {\n\n}\n```\n\nThe previous example contains a circular dependency between two traits:\n`FirstTrait` depends on `SecondTrait` which itself depends on `FirstTrait`.\n"},"level":"error","spans":[{"file_name":"src/lib.rs","byte_start":1968,"byte_end":1972,"line_start":79,"line_end":79,"column_start":13,"column_end":17,"is_primary":true,"text":[{"text":"type Type = Type;","highlight_start":13,"highlight_end":17}],"label":null,"suggested_replacement":null,"suggestion_applicability":null,"expansion":null}],"children":[{"message":"...which immediately requires expanding type alias `Type` again","code":null,"level":"note","spans":[],"children":[],"rendered":null},{"message":"type aliases cannot be recursive","code":null,"level":"note","spans":[],"children":[],"rendered":null},{"message":"consider using a struct, enum, or union instead to break the cycle","code":null,"level":"help","spans":[],"children":[],"rendered":null},{"message":"see <https://doc.rust-lang.org/reference/types.html#recursive-types> for more information","code":null,"level":"help","spans":[],"children":[],"rendered":null},{"message":"cycle used when collecting item types in top-level module","code":null,"level":"note","spans":[{"file_name":"src/lib.rs","byte_start":74,"byte_end":7206,"line_start":3,"line_end":303,"column_start":1,"column_end":2,"is_primary":true,"text":[{"text":"//! An example EinsteinDB timelike_storage einstein_merkle_tree.","highlight_start":1,"highlight_end":65},{"text":"//!","highlight_start":1,"highlight_end":4},{"text":"//! This project is intended to serve as a skeleton for other einstein_merkle_tree","highlight_start":1,"highlight_end":83},{"text":"//! implementations. It lays out the complex system of einstein_merkle_tree modules and traits","highlight_start":1,"highlight_end":95},{"text":"//! in a way that is consistent with other EinsteinMerkleTrees. To create a new einstein_merkle_tree","highlight_start":1,"highlight_end":101},{"text":"//! simply copy the entire directory structure and replace all \"Panic*\" names","highlight_start":1,"highlight_end":78},{"text":"//! with your einstein_merkle_tree's own name; then fill in the implementations; remove","highlight_start":1,"highlight_end":88},{"text":"//! the allow(unused) attribute;","highlight_start":1,"highlight_end":33},{"text":"#![allow(unused)]","highlight_start":1,"highlight_end":18},{"text":"#![cfg_attr(not(feature = \"std\"), no_std)]","highlight_start":1,"highlight_end":43},{"text":"","highlight_start":1,"highlight_end":1},{"text":"","highlight_start":1,"highlight_end":1},{"text":"#[derive(Clone, Debug, PartialEq, Eq, PartialOrd, Ord, Hash)]","highlight_start":1,"highlight_end":62},{"text":"pub struct PanicAccount {","highlight_start":1,"highlight_end":26},{"text":"","highlight_start":1,"highlight_end":1},{"text":"    pub balance: u64,","highlight_start":1,"highlight_end":22},{"text":"    pub nonce: u64,","highlight_start":1,"highlight_end":20},{"text":"}","highlight_start":1,"highlight_end":2},{"text":"","highlight_start":1,"highlight_end":1},{"text":"","highlight_start":1,"highlight_end":1},{"text":"#[derive(Clone, Debug, PartialEq, Eq, PartialOrd, Ord, Hash)]","highlight_start":1,"highlight_end":62},{"text":"pub struct PanicBlock {","highlight_start":1,"highlight_end":24},{"text":"    pub number: u64,","highlight_start":1,"highlight_end":21},{"text":"    pub parent_hash: [u8; 32],","highlight_start":1,"highlight_end":31},{"text":"    pub tx_hash: [u8; 32],","highlight_start":1,"highlight_end":27},{"text":"    pub state_hash: [u8; 32],","highlight_start":1,"highlight_end":30},{"text":"    pub receipts_hash: [u8; 32],","highlight_start":1,"highlight_end":33},{"text":"    pub extra_data: [u8; 32],","highlight_start":1,"highlight_end":30},{"text":"    pub logs_block_hash: [u8; 32],","highlight_start":1,"highlight_end":35},{"text":"    pub proposer: [u8; 32],","highlight_start":1,"highlight_end":28},{"text":"    pub seal: [u8; 32],","highlight_start":1,"highlight_end":24},{"text":"    pub hash: [u8; 32],","highlight_start":1,"highlight_end":24},{"text":"}","highlight_start":1,"highlight_end":2},{"text":"","highlight_start":1,"highlight_end":1},{"text":"","highlight_start":1,"highlight_end":1},{"text":"#[derive(Clone, Debug, PartialEq, Eq, PartialOrd, Ord, Hash)]","highlight_start":1,"highlight_end":62},{"text":"pub struct PanicBlockHeader {","highlight_start":1,"highlight_end":30},{"text":"    pub number: u64,","highlight_start":1,"highlight_end":21},{"text":"    pub parent_hash: [u8; 32],","highlight_start":1,"highlight_end":31},{"text":"    pub tx_hash: [u8; 32],","highlight_start":1,"highlight_end":27},{"text":"    pub state_hash: [u8; 32],","highlight_start":1,"highlight_end":30},{"text":"    pub receipts_hash: [u8; 32],","highlight_start":1,"highlight_end":33},{"text":"    pub extra_data: [u8; 32],","highlight_start":1,"highlight_end":30},{"text":"    pub logs_block_hash: [u8; 32],","highlight_start":1,"highlight_end":35},{"text":"    pub proposer: [u8; 32],","highlight_start":1,"highlight_end":28},{"text":"    pub seal: [u8; 32],","highlight_start":1,"highlight_end":24},{"text":"    pub hash: [u8; 32],","highlight_start":1,"highlight_end":24},{"text":"}","highlight_start":1,"highlight_end":2},{"text":"","highlight_start":1,"highlight_end":1},{"text":"","highlight_start":1,"highlight_end":1},{"text":"","highlight_start":1,"highlight_end":1},{"text":"","highlight_start":1,"highlight_end":1},{"text":"#[derive(Clone, Debug, PartialEq, Eq, PartialOrd, Ord, Hash)]","highlight_start":1,"highlight_end":62},{"text":"pub struct PanicHeader {","highlight_start":1,"highlight_end":25},{"text":"    pub number: u64,","highlight_start":1,"highlight_end":21},{"text":"    pub parent_hash: [u8; 32],","highlight_start":1,"highlight_end":31},{"text":"    pub tx_hash: [u8; 32],","highlight_start":1,"highlight_end":27},{"text":"    pub state_hash: [u8; 32],","highlight_start":1,"highlight_end":30},{"text":"    pub receipts_hash: [u8; 32],","highlight_start":1,"highlight_end":33},{"text":"","highlight_start":1,"highlight_end":1},{"text":"    pub extra_data: [u8; 32],","highlight_start":1,"highlight_end":30},{"text":"    pub logs_block_hash: [u8; 32],","highlight_start":1,"highlight_end":35},{"text":"","highlight_start":1,"highlight_end":1},{"text":"","highlight_start":1,"highlight_end":1},{"text":"    pub proposer: [u8; 32],","highlight_start":1,"highlight_end":28},{"text":"    pub seal: [u8; 32],","highlight_start":1,"highlight_end":24},{"text":"    pub hash: [u8; 32],","highlight_start":1,"highlight_end":24},{"text":"}","highlight_start":1,"highlight_end":2},{"text":"","highlight_start":1,"highlight_end":1},{"text":"","highlight_start":1,"highlight_end":1},{"text":"","highlight_start":1,"highlight_end":1},{"text":"","highlight_start":1,"highlight_end":1},{"text":"","highlight_start":1,"highlight_end":1},{"text":"","highlight_start":1,"highlight_end":1},{"text":"","highlight_start":1,"highlight_end":1},{"text":"","highlight_start":1,"highlight_end":1},{"text":"type Type = Type;","highlight_start":1,"highlight_end":18},{"text":"","highlight_start":1,"highlight_end":1},{"text":"#[derive(Clone, Debug, PartialEq, Eq, PartialOrd, Ord, Hash)]","highlight_start":1,"highlight_end":62},{"text":"","highlight_start":1,"highlight_end":1},{"text":"pub struct PanicTransaction {","highlight_start":1,"highlight_end":30},{"text":"    pub nonce: u64,","highlight_start":1,"highlight_end":20},{"text":"    pub gas_price: u64,","highlight_start":1,"highlight_end":24},{"text":"    pub gas_limit: u64,","highlight_start":1,"highlight_end":24},{"text":"    pub action: [u8; 32],","highlight_start":1,"highlight_end":26},{"text":"    pub data: [u8; 32],","highlight_start":1,"highlight_end":24},{"text":"    pub signature: [u8; 32],","highlight_start":1,"highlight_end":29},{"text":"    pub hash: [u8; 32],","highlight_start":1,"highlight_end":24},{"text":"}","highlight_start":1,"highlight_end":2},{"text":"","highlight_start":1,"highlight_end":1},{"text":"","highlight_start":1,"highlight_end":1},{"text":"#[derive(Clone, Debug, PartialEq, Eq, PartialOrd, Ord, Hash)]","highlight_start":1,"highlight_end":62},{"text":"pub struct PanicReceipt {","highlight_start":1,"highlight_end":26},{"text":"    pub state_root: [u8; 32],","highlight_start":1,"highlight_end":30},{"text":"    pub gas_used: u64,","highlight_start":1,"highlight_end":23},{"text":"    pub logs: [u8; 32],","highlight_start":1,"highlight_end":24},{"text":"    pub bloom: [u8; 32],","highlight_start":1,"highlight_end":25},{"text":"    pub error: [u8; 32],","highlight_start":1,"highlight_end":25},{"text":"    pub output: [u8; 32],","highlight_start":1,"highlight_end":26},{"text":"    pub hash: [u8; 32],","highlight_start":1,"highlight_end":24},{"text":"}","highlight_start":1,"highlight_end":2},{"text":"","highlight_start":1,"highlight_end":1},{"text":"","highlight_start":1,"highlight_end":1},{"text":"#[derive(Clone, Debug, PartialEq, Eq, PartialOrd, Ord, Hash)]","highlight_start":1,"highlight_end":62},{"text":"pub struct PanicLog {","highlight_start":1,"highlight_end":22},{"text":"    pub address: [u8; 32],","highlight_start":1,"highlight_end":27},{"text":"    pub topics: [u8; 32],","highlight_start":1,"highlight_end":26},{"text":"    pub data: [u8; 32],","highlight_start":1,"highlight_end":24},{"text":"    pub hash: [u8; 32],","highlight_start":1,"highlight_end":24},{"text":"}","highlight_start":1,"highlight_end":2},{"text":"","highlight_start":1,"highlight_end":1},{"text":"","highlight_start":1,"highlight_end":1},{"text":"#[derive(Clone, Debug, PartialEq, Eq, PartialOrd, Ord, Hash)]","highlight_start":1,"highlight_end":62},{"text":"pub struct PanicLogBloom {","highlight_start":1,"highlight_end":27},{"text":"    pub bloom: [u8; 32],","highlight_start":1,"highlight_end":25},{"text":"    pub hash: [u8; 32],","highlight_start":1,"highlight_end":24},{"text":"}","highlight_start":1,"highlight_end":2},{"text":"","highlight_start":1,"highlight_end":1},{"text":"","highlight_start":1,"highlight_end":1},{"text":"#[derive(Clone, Debug, PartialEq, Eq, PartialOrd, Ord, Hash)]","highlight_start":1,"highlight_end":62},{"text":"pub struct PanicLogEntry {","highlight_start":1,"highlight_end":27},{"text":"    pub address: [u8; 32],","highlight_start":1,"highlight_end":27},{"text":"    pub topics: [u8; 32],","highlight_start":1,"highlight_end":26},{"text":"    pub data: [u8; 32],","highlight_start":1,"highlight_end":24},{"text":"    pub hash: [u8; 32],","highlight_start":1,"highlight_end":24},{"text":"}","highlight_start":1,"highlight_end":2},{"text":"","highlight_start":1,"highlight_end":1},{"text":"","highlight_start":1,"highlight_end":1},{"text":"#[derive(Clone, Debug, PartialEq, Eq, PartialOrd, Ord, Hash)]","highlight_start":1,"highlight_end":62},{"text":"pub struct PanicLogEntryBloom {","highlight_start":1,"highlight_end":32},{"text":"    pub bloom: [u8; 32],","highlight_start":1,"highlight_end":25},{"text":"    pub hash: [u8; 32],","highlight_start":1,"highlight_end":24},{"text":"}","highlight_start":1,"highlight_end":2},{"text":"","highlight_start":1,"highlight_end":1},{"text":"","highlight_start":1,"highlight_end":1},{"text":"#[derive(Clone, Debug, PartialEq, Eq, PartialOrd, Ord, Hash)]","highlight_start":1,"highlight_end":62},{"text":"pub struct PanicLogTopic {","highlight_start":1,"highlight_end":27},{"text":"    pub topic: [u8; 32],","highlight_start":1,"highlight_end":25},{"text":"    pub hash: [u8; 32],","highlight_start":1,"highlight_end":24},{"text":"}","highlight_start":1,"highlight_end":2},{"text":"","highlight_start":1,"highlight_end":1},{"text":"","highlight_start":1,"highlight_end":1},{"text":"#[derive(Clone, Debug, PartialEq, Eq, PartialOrd, Ord, Hash)]","highlight_start":1,"highlight_end":62},{"text":"pub struct PanicLogTopicBloom {","highlight_start":1,"highlight_end":32},{"text":"    pub bloom: [u8; 32],","highlight_start":1,"highlight_end":25},{"text":"    pub hash: [u8; 32],","highlight_start":1,"highlight_end":24},{"text":"}","highlight_start":1,"highlight_end":2},{"text":"","highlight_start":1,"highlight_end":1},{"text":"","highlight_start":1,"highlight_end":1},{"text":"#[derive(Clone, Debug, PartialEq, Eq, PartialOrd, Ord, Hash)]","highlight_start":1,"highlight_end":62},{"text":"pub struct PanicLogTopicBloom {","highlight_start":1,"highlight_end":32},{"text":"    pub bloom: [u8; 32],","highlight_start":1,"highlight_end":25},{"text":"    pub hash: [u8; 32],","highlight_start":1,"highlight_end":24},{"text":"}","highlight_start":1,"highlight_end":2},{"text":"","highlight_start":1,"highlight_end":1},{"text":"","highlight_start":1,"highlight_end":1},{"text":"#[derive(Clone, Debug, PartialEq, Eq, PartialOrd, Ord, Hash)]","highlight_start":1,"highlight_end":62},{"text":"pub struct PanicLogTopicBloom {","highlight_start":1,"highlight_end":32},{"text":"    pub bloom: [u8; 32],","highlight_start":1,"highlight_end":25},{"text":"    pub hash: [u8; 32],","highlight_start":1,"highlight_end":24},{"text":"}","highlight_start":1,"highlight_end":2},{"text":"","highlight_start":1,"highlight_end":1},{"text":"","highlight_start":1,"highlight_end":1},{"text":"#[derive(Clone, Debug, PartialEq, Eq, PartialOrd, Ord, Hash)]","highlight_start":1,"highlight_end":62},{"text":"pub struct PanicLogTopicBloom {","highlight_start":1,"highlight_end":32},{"text":"    pub bloom: [u8; 32],","highlight_start":1,"highlight_end":25},{"text":"    pub hash: [u8; 32],","highlight_start":1,"highlight_end":24},{"text":"}","highlight_start":1,"highlight_end":2},{"text":"","highlight_start":1,"highlight_end":1},{"text":"","highlight_start":1,"highlight_end":1},{"text":"#[derive(Clone, Debug, PartialEq, Eq, PartialOrd, Ord, Hash)]","highlight_start":1,"highlight_end":62},{"text":"pub struct PanicLogTopicBloom {","highlight_start":1,"highlight_end":32},{"text":"    pub bloom: [u8; 32],","highlight_start":1,"highlight_end":25},{"text":"    pub hash: [u8; 32],","highlight_start":1,"highlight_end":24},{"text":"}","highlight_start":1,"highlight_end":2},{"text":"","highlight_start":1,"highlight_end":1},{"text":"","highlight_start":1,"highlight_end":1},{"text":"impl PanicTransaction {","highlight_start":1,"highlight_end":24},{"text":"    ","highlight_start":1,"highlight_end":5},{"text":"    pub fn new(sender: Type, receiver: String, value: u64, timestamp: u64) -> Self {","highlight_start":1,"highlight_end":85},{"text":"        PanicTransaction {","highlight_start":1,"highlight_end":27},{"text":"            sender,","highlight_start":1,"highlight_end":20},{"text":"            receiver,","highlight_start":1,"highlight_end":22},{"text":"            value,","highlight_start":1,"highlight_end":19},{"text":"            timestamp,","highlight_start":1,"highlight_end":23},{"text":"        }","highlight_start":1,"highlight_end":10},{"text":"    }","highlight_start":1,"highlight_end":6},{"text":"","highlight_start":1,"highlight_end":1},{"text":"    pub fn sender(&self) -> &Type {","highlight_start":1,"highlight_end":36},{"text":"        &self.sender","highlight_start":1,"highlight_end":21},{"text":"    }","highlight_start":1,"highlight_end":6},{"text":"","highlight_start":1,"highlight_end":1},{"text":"    pub fn receiver(&self) -> &String {","highlight_start":1,"highlight_end":40},{"text":"        &self.receiver","highlight_start":1,"highlight_end":23},{"text":"    }","highlight_start":1,"highlight_end":6},{"text":"","highlight_start":1,"highlight_end":1},{"text":"    pub fn value(&self) -> u64 {","highlight_start":1,"highlight_end":33},{"text":"        self.value","highlight_start":1,"highlight_end":19},{"text":"    }","highlight_start":1,"highlight_end":6},{"text":"","highlight_start":1,"highlight_end":1},{"text":"    pub fn timestamp(&self) -> u64 {","highlight_start":1,"highlight_end":37},{"text":"        self.timestamp","highlight_start":1,"highlight_end":23},{"text":"    }","highlight_start":1,"highlight_end":6},{"text":"","highlight_start":1,"highlight_end":1},{"text":"    pub fn into_raw(self) -> (Type, String, u64, u64) {","highlight_start":1,"highlight_end":56},{"text":"        (self.sender, self.receiver, self.value, self.timestamp)","highlight_start":1,"highlight_end":65},{"text":"    }","highlight_start":1,"highlight_end":6},{"text":"","highlight_start":1,"highlight_end":1},{"text":"    pub fn from_raw(sender: Type, receiver: String, value: u64, timestamp: u64) -> Self {","highlight_start":1,"highlight_end":90},{"text":"        PanicTransaction {","highlight_start":1,"highlight_end":27},{"text":"            sender,","highlight_start":1,"highlight_end":20},{"text":"            receiver,","highlight_start":1,"highlight_end":22},{"text":"            value,","highlight_start":1,"highlight_end":19},{"text":"            timestamp,","highlight_start":1,"highlight_end":23},{"text":"        }","highlight_start":1,"highlight_end":10},{"text":"    }","highlight_start":1,"highlight_end":6},{"text":"","highlight_start":1,"highlight_end":1},{"text":"    pub fn into_raw_data(self) -> (Type, String, u64) {","highlight_start":1,"highlight_end":56},{"text":"        (self.sender, self.receiver, self.value)","highlight_start":1,"highlight_end":49},{"text":"    }","highlight_start":1,"highlight_end":6},{"text":"","highlight_start":1,"highlight_end":1},{"text":"    pub fn from_raw_data(sender: Type, receiver: String, value: u64) -> Self {","highlight_start":1,"highlight_end":79},{"text":"        PanicTransaction {","highlight_start":1,"highlight_end":27},{"text":"            sender,","highlight_start":1,"highlight_end":20},{"text":"            receiver,","highlight_start":1,"highlight_end":22},{"text":"            value,","highlight_start":1,"highlight_end":19},{"text":"            timestamp: 0,","highlight_start":1,"highlight_end":26},{"text":"        }","highlight_start":1,"highlight_end":10},{"text":"    }","highlight_start":1,"highlight_end":6},{"text":"","highlight_start":1,"highlight_end":1},{"text":"    pub fn into_raw_data_with_timestamp(self) -> (Type, String, u64, u64) {","highlight_start":1,"highlight_end":76},{"text":"        (self.sender, self.receiver, self.value, self.timestamp)","highlight_start":1,"highlight_end":65},{"text":"    }","highlight_start":1,"highlight_end":6},{"text":"","highlight_start":1,"highlight_end":1},{"text":"    pub fn from_raw_data_with_timestamp(sender: Type, receiver: String, value: u64, timestamp: u64) -> Self {","highlight_start":1,"highlight_end":110},{"text":"        PanicTransaction {","highlight_start":1,"highlight_end":27},{"text":"            sender,","highlight_start":1,"highlight_end":20},{"text":"            receiver,","highlight_start":1,"highlight_end":22},{"text":"            value,","highlight_start":1,"highlight_end":19},{"text":"            timestamp,","highlight_start":1,"highlight_end":23},{"text":"        }","highlight_start":1,"highlight_end":10},{"text":"    }","highlight_start":1,"highlight_end":6},{"text":"","highlight_start":1,"highlight_end":1},{"text":"    pub fn into_raw_data_with_timestamp_and_receiver(self) -> (Type, String, u64, u64, String) {","highlight_start":1,"highlight_end":97},{"text":"        (self.sender, self.receiver, self.value, self.timestamp, self.receiver)","highlight_start":1,"highlight_end":80},{"text":"    }","highlight_start":1,"highlight_end":6},{"text":"","highlight_start":1,"highlight_end":1},{"text":"    pub fn from_raw_data_with_timestamp_and_receiver(sender: Type, receiver: String, value: u64, timestamp: u64, receiver: String) -> Self {","highlight_start":1,"highlight_end":141},{"text":"        PanicTransaction {","highlight_start":1,"highlight_end":27},{"text":"            sender,","highlight_start":1,"highlight_end":20},{"text":"            receiver,","highlight_start":1,"highlight_end":22},{"text":"            value,","highlight_start":1,"highlight_end":19},{"text":"            timestamp,","highlight_start":1,"highlight_end":23},{"text":"        }","highlight_start":1,"highlight_end":10},{"text":"    }","highlight_start":1,"highlight_end":6},{"text":"","highlight_start":1,"highlight_end":1},{"text":"    pub fn into_raw_data_with_timestamp_and_receiver_and_value(self) -> (Type, String, u64, u64, String, u64) {","highlight_start":1,"highlight_end":112},{"text":"        ","highlight_start":1,"highlight_end":9},{"text":"        (self.sender, self.receiver, self.value, self.timestamp, self.receiver, self.value)","highlight_start":1,"highlight_end":92},{"text":"    }","highlight_start":1,"highlight_end":6},{"text":"","highlight_start":1,"highlight_end":1},{"text":"    pub fn from_raw_data_with_timestamp_and_receiver_and_value(sender: Type, receiver: String, value: u64, timestamp: u64, receiver: String, value: u64) -> Self {","highlight_start":1,"highlight_end":163},{"text":"        PanicTransaction {","highlight_start":1,"highlight_end":27},{"text":"            sender,","highlight_start":1,"highlight_end":20},{"text":"            receiver,","highlight_start":1,"highlight_end":22},{"text":"            value,","highlight_start":1,"highlight_end":19},{"text":"            timestamp,","highlight_start":1,"highlight_end":23},{"text":"        }","highlight_start":1,"highlight_end":10},{"text":"    }","highlight_start":1,"highlight_end":6},{"text":"","highlight_start":1,"highlight_end":1},{"text":"}","highlight_start":1,"highlight_end":2},{"text":"","highlight_start":1,"highlight_end":1},{"text":"","highlight_start":1,"highlight_end":1},{"text":"#[derive(Clone, Debug, PartialEq, Eq, PartialOrd, Ord, Hash)]","highlight_start":1,"highlight_end":62},{"text":"pub struct PanicBlockHeader {","highlight_start":1,"highlight_end":30},{"text":"    pub number: u64,","highlight_start":1,"highlight_end":21},{"text":"    pub parent_hash: String,","highlight_start":1,"highlight_end":29},{"text":"    pub timestamp: u64,","highlight_start":1,"highlight_end":24},{"text":"}","highlight_start":1,"highlight_end":2},{"text":"","highlight_start":1,"highlight_end":1},{"text":"","highlight_start":1,"highlight_end":1},{"text":"#[derive(Clone, Debug, PartialEq, Eq, PartialOrd, Ord, Hash)]","highlight_start":1,"highlight_end":62},{"text":"pub struct PanicBlockBody {","highlight_start":1,"highlight_end":28},{"text":"    pub transactions: Vec<String>,","highlight_start":1,"highlight_end":35},{"text":"}","highlight_start":1,"highlight_end":2},{"text":"","highlight_start":1,"highlight_end":1},{"text":"impl PanicBlockBody {","highlight_start":1,"highlight_end":22},{"text":"    pub fn new(transactions: Vec<String>) -> PanicBlockBody {","highlight_start":1,"highlight_end":62},{"text":"        PanicBlockBody {","highlight_start":1,"highlight_end":25},{"text":"            transactions","highlight_start":1,"highlight_end":25},{"text":"        }","highlight_start":1,"highlight_end":10},{"text":"    }","highlight_start":1,"highlight_end":6},{"text":"}","highlight_start":1,"highlight_end":2},{"text":"","highlight_start":1,"highlight_end":1},{"text":"","highlight_start":1,"highlight_end":1},{"text":"#[derive(Clone, Debug, PartialEq, Eq, PartialOrd, Ord, Hash)]","highlight_start":1,"highlight_end":62},{"text":"pub struct PanicBlockHeaderDB {","highlight_start":1,"highlight_end":32},{"text":"    pub number: u64,","highlight_start":1,"highlight_end":21},{"text":"    pub parent_hash: String,","highlight_start":1,"highlight_end":29},{"text":"    pub timestamp: u64,","highlight_start":1,"highlight_end":24},{"text":"}","highlight_start":1,"highlight_end":2}],"label":null,"suggested_replacement":null,"suggestion_applicability":null,"expansion":null}],"children":[],"rendered":null}],"rendered":"\u001b[0m\u001b[1m\u001b[38;5;9merror[E0391]\u001b[0m\u001b[0m\u001b[1m: cycle detected when expanding type alias `Type`\u001b[0m\n\u001b[0m   \u001b[0m\u001b[0m\u001b[1m\u001b[38;5;12m--> \u001b[0m\u001b[0msrc/lib.rs:79:13\u001b[0m\n\u001b[0m    \u001b[0m\u001b[0m\u001b[1m\u001b[38;5;12m|\u001b[0m\n\u001b[0m\u001b[1m\u001b[38;5;12m79\u001b[0m\u001b[0m  \u001b[0m\u001b[0m\u001b[1m\u001b[38;5;12m| \u001b[0m\u001b[0mtype Type = Type;\u001b[0m\n\u001b[0m    \u001b[0m\u001b[0m\u001b[1m\u001b[38;5;12m| \u001b[0m\u001b[0m            \u001b[0m\u001b[0m\u001b[1m\u001b[38;5;9m^^^^\u001b[0m\n\u001b[0m    \u001b[0m\u001b[0m\u001b[1m\u001b[38;5;12m|\u001b[0m\n\u001b[0m    \u001b[0m\u001b[0m\u001b[1m\u001b[38;5;12m= \u001b[0m\u001b[0m\u001b[1mnote\u001b[0m\u001b[0m: ...which immediately requires expanding type alias `Type` again\u001b[0m\n\u001b[0m    \u001b[0m\u001b[0m\u001b[1m\u001b[38;5;12m= \u001b[0m\u001b[0m\u001b[1mnote\u001b[0m\u001b[0m: type aliases cannot be recursive\u001b[0m\n\u001b[0m    \u001b[0m\u001b[0m\u001b[1m\u001b[38;5;12m= \u001b[0m\u001b[0m\u001b[1mhelp\u001b[0m\u001b[0m: consider using a struct, enum, or union instead to break the cycle\u001b[0m\n\u001b[0m    \u001b[0m\u001b[0m\u001b[1m\u001b[38;5;12m= \u001b[0m\u001b[0m\u001b[1mhelp\u001b[0m\u001b[0m: see <https://doc.rust-lang.org/reference/types.html#recursive-types> for more information\u001b[0m\n\u001b[0m\u001b[1m\u001b[38;5;10mnote\u001b[0m\u001b[0m: cycle used when collecting item types in top-level module\u001b[0m\n\u001b[0m   \u001b[0m\u001b[0m\u001b[1m\u001b[38;5;12m--> \u001b[0m\u001b[0msrc/lib.rs:3:1\u001b[0m\n\u001b[0m    \u001b[0m\u001b[0m\u001b[1m\u001b[38;5;12m|\u001b[0m\n\u001b[0m\u001b[1m\u001b[38;5;12m3\u001b[0m\u001b[0m   \u001b[0m\u001b[0m\u001b[1m\u001b[38;5;12m| \u001b[0m\u001b[0m\u001b[1m\u001b[38;5;10m/\u001b[0m\u001b[0m \u001b[0m\u001b[0m//! An example EinsteinDB timelike_storage einstein_merkle_tree.\u001b[0m\n\u001b[0m\u001b[1m\u001b[38;5;12m4\u001b[0m\u001b[0m   \u001b[0m\u001b[0m\u001b[1m\u001b[38;5;12m| \u001b[0m\u001b[0m\u001b[1m\u001b[38;5;10m|\u001b[0m\u001b[0m \u001b[0m\u001b[0m//!\u001b[0m\n\u001b[0m\u001b[1m\u001b[38;5;12m5\u001b[0m\u001b[0m   \u001b[0m\u001b[0m\u001b[1m\u001b[38;5;12m| \u001b[0m\u001b[0m\u001b[1m\u001b[38;5;10m|\u001b[0m\u001b[0m \u001b[0m\u001b[0m//! This project is intended to serve as a skeleton for other einstein_merkle_tree\u001b[0m\n\u001b[0m\u001b[1m\u001b[38;5;12m6\u001b[0m\u001b[0m   \u001b[0m\u001b[0m\u001b[1m\u001b[38;5;12m| \u001b[0m\u001b[0m\u001b[1m\u001b[38;5;10m|\u001b[0m\u001b[0m \u001b[0m\u001b[0m//! implementations. It lays out the complex system of einstein_merkle_tree modules and traits\u001b[0m\n\u001b[0m\u001b[1m\u001b[38;5;12m...\u001b[0m\u001b[0m   \u001b[0m\u001b[0m\u001b[1m\u001b[38;5;10m|\u001b[0m\n\u001b[0m\u001b[1m\u001b[38;5;12m302\u001b[0m\u001b[0m \u001b[0m\u001b[0m\u001b[1m\u001b[38;5;12m| \u001b[0m\u001b[0m\u001b[1m\u001b[38;5;10m|\u001b[0m\u001b[0m \u001b[0m\u001b[0m    pub timestamp: u64,\u001b[0m\n\u001b[0m\u001b[1m\u001b[38;5;12m303\u001b[0m\u001b[0m \u001b[0m\u001b[0m\u001b[1m\u001b[38;5;12m| \u001b[0m\u001b[0m\u001b[1m\u001b[38;5;10m|\u001b[0m\u001b[0m \u001b[0m\u001b[0m}\u001b[0m\n\u001b[0m    \u001b[0m\u001b[0m\u001b[1m\u001b[38;5;12m| \u001b[0m\u001b[0m\u001b[1m\u001b[38;5;10m|_^\u001b[0m\n\n"}
{"message":"aborting due to 34 previous errors","code":null,"level":"error","spans":[],"children":[],"rendered":"\u001b[0m\u001b[1m\u001b[38;5;9merror\u001b[0m\u001b[0m\u001b[1m: aborting due to 34 previous errors\u001b[0m\n\n"}
{"message":"Some errors have detailed explanations: E0391, E0412, E0415, E0428.","code":null,"level":"failure-note","spans":[],"children":[],"rendered":"\u001b[0m\u001b[1mSome errors have detailed explanations: E0391, E0412, E0415, E0428.\u001b[0m\n"}
{"message":"For more information about an error, try `rustc --explain E0391`.","code":null,"level":"failure-note","spans":[],"children":[],"rendered":"\u001b[0m\u001b[1mFor more information about an error, try `rustc --explain E0391`.\u001b[0m\n"}
